Using pre-set license
Built from '2020.3/staging' branch; Version is '2020.3.6f1 (338bb68529b2) revision 3378102'; Using compiler version '192528614'; Build Type 'Release'
OS: 'Windows 10 Pro; OS build 18363.900; Version 1909; 64bit' Language: 'ru' Physical Memory: 12202 MB
BatchMode: 1, IsHumanControllingUs: 0, StartBugReporterOnCrash: 0, Is64bit: 1, IsPro: 0

 COMMAND LINE ARGUMENTS:
C:\Program Files\Unity\Hub\Editor\2020.3.6f1\Editor\Unity.exe
-adb2
-batchMode
-noUpm
-name
AssetImportWorker0
-projectPath
D:/GameDev/UdemyUnityC#/Раздел 7/Getting Started With Navmesh in Unity
-logFile
Logs/AssetImportWorker0.log
-srvPort
61724
Successfully changed project path to: D:/GameDev/UdemyUnityC#/Раздел 7/Getting Started With Navmesh in Unity
D:/GameDev/UdemyUnityC#/Раздел 7/Getting Started With Navmesh in Unity
Using Asset Import Pipeline V2.
Refreshing native plugins compatible for Editor in 30.26 ms, found 0 plugins.
Preloading 0 native plugins for Editor in 0.00 ms.
Initialize engine version: 2020.3.6f1 (338bb68529b2)
[Subsystems] Discovering subsystems at path C:/Program Files/Unity/Hub/Editor/2020.3.6f1/Editor/Data/Resources/UnitySubsystems
[Subsystems] Discovering subsystems at path D:/GameDev/UdemyUnityC#/Раздел 7/Getting Started With Navmesh in Unity/Assets
GfxDevice: creating device client; threaded=0
Direct3D:
    Version:  Direct3D 11.0 [level 11.0]
    Renderer: NVIDIA GeForce GTX 750 (ID=0x1381)
    Vendor:   
    VRAM:     984 MB
    Driver:   27.21.14.5671
Initialize mono
Mono path[0] = 'C:/Program Files/Unity/Hub/Editor/2020.3.6f1/Editor/Data/Managed'
Mono path[1] = 'C:/Program Files/Unity/Hub/Editor/2020.3.6f1/Editor/Data/MonoBleedingEdge/lib/mono/unityjit'
Mono config path = 'C:/Program Files/Unity/Hub/Editor/2020.3.6f1/Editor/Data/MonoBleedingEdge/etc'
Using monoOptions --debugger-agent=transport=dt_socket,embedding=1,server=y,suspend=n,address=127.0.0.1:56084
Begin MonoManager ReloadAssembly
Registering precompiled unity dll's ...
Register platform support module: C:/Program Files/Unity/Hub/Editor/2020.3.6f1/Editor/Data/PlaybackEngines/WebGLSupport/UnityEditor.WebGL.Extensions.dll
Register platform support module: C:/Program Files/Unity/Hub/Editor/2020.3.6f1/Editor/Data/PlaybackEngines/WindowsStandaloneSupport/UnityEditor.WindowsStandalone.Extensions.dll
Registered in 0.001886 seconds.
Native extension for WindowsStandalone target not found
Native extension for WebGL target not found
Refreshing native plugins compatible for Editor in 32.04 ms, found 0 plugins.
Preloading 0 native plugins for Editor in 0.00 ms.
Mono: successfully reloaded assembly
- Completed reload, in  1.252 seconds
Platform modules already initialized, skipping
Registering precompiled user dll's ...
Registered in 0.001553 seconds.
Begin MonoManager ReloadAssembly
Native extension for WindowsStandalone target not found
Native extension for WebGL target not found
Refreshing native plugins compatible for Editor in 0.47 ms, found 0 plugins.
Preloading 0 native plugins for Editor in 0.00 ms.
Mono: successfully reloaded assembly
- Completed reload, in  0.998 seconds
Platform modules already initialized, skipping
========================================================================
Worker process is ready to serve import requests
Launched and connected shader compiler UnityShaderCompiler.exe after 0.06 seconds
Refreshing native plugins compatible for Editor in 0.29 ms, found 0 plugins.
Preloading 0 native plugins for Editor in 0.00 ms.
Unloading 1245 Unused Serialized files (Serialized files now loaded: 0)
System memory in use before: 70.4 MB.
System memory in use after: 70.0 MB.

Unloading 12 unused Assets to reduce memory usage. Loaded Objects now: 1691.
Total: 1.962800 ms (FindLiveObjects: 0.136700 ms CreateObjectMapping: 0.041900 ms MarkObjects: 1.448700 ms  DeleteObjects: 0.334600 ms)

========================================================================
Received Import Request.
  path: Assets/Standard Assets/Characters/ThirdPersonCharacter
  artifactKey: Guid(8912f13e18e67bc478684ec30d73bc64) Importer(815301076,1909f56bfc062723c751e8b465ee728b)
Start importing Assets/Standard Assets/Characters/ThirdPersonCharacter using Guid(8912f13e18e67bc478684ec30d73bc64) Importer(815301076,1909f56bfc062723c751e8b465ee728b)  -> (artifact id: 'a831947ad2387196dc85be99491aa900') in 0.004376 seconds
  Import took 0.006510 seconds .

========================================================================
Received Import Request.
  Time since last request: 0.000210 seconds.
  path: Assets/Standard Assets/Characters
  artifactKey: Guid(8c32f58513a41ef4dab9cb7704c5fb92) Importer(815301076,1909f56bfc062723c751e8b465ee728b)
Start importing Assets/Standard Assets/Characters using Guid(8c32f58513a41ef4dab9cb7704c5fb92) Importer(815301076,1909f56bfc062723c751e8b465ee728b)  -> (artifact id: '8da496f7352c44edf9976a71b4ab35f4') in 0.003337 seconds
  Import took 0.005390 seconds .

========================================================================
Received Import Request.
  Time since last request: 1.826331 seconds.
  path: Assets/Standard Assets/Characters/ThirdPersonCharacter/Prefabs
  artifactKey: Guid(e09f07f9be24b2d4180a74a671348b5b) Importer(815301076,1909f56bfc062723c751e8b465ee728b)
Start importing Assets/Standard Assets/Characters/ThirdPersonCharacter/Prefabs using Guid(e09f07f9be24b2d4180a74a671348b5b) Importer(815301076,1909f56bfc062723c751e8b465ee728b)  -> (artifact id: '8d377c37de7a373dba654d19178ff57c') in 0.008793 seconds
  Import took 0.011639 seconds .

========================================================================
Received Import Request.
  Time since last request: 0.108009 seconds.
  path: Assets/Standard Assets/Characters/ThirdPersonCharacter/Prefabs/AIThirdPersonController.prefab
  artifactKey: Guid(54eb5844754051b40a918a84c33b7c1a) Importer(815301076,1909f56bfc062723c751e8b465ee728b)
Start importing Assets/Standard Assets/Characters/ThirdPersonCharacter/Prefabs/AIThirdPersonController.prefab using Guid(54eb5844754051b40a918a84c33b7c1a) Importer(815301076,1909f56bfc062723c751e8b465ee728b)  -> (artifact id: '730807138481cf4163aadccca1c0abe2') in 0.592008 seconds
  Import took 0.628491 seconds .

========================================================================
Received Import Request.
  Time since last request: 0.013194 seconds.
  path: Assets/Standard Assets/Characters/ThirdPersonCharacter/Prefabs/ThirdPersonController.prefab
  artifactKey: Guid(7737647c22c1fc64a88d5cd030c352ce) Importer(815301076,1909f56bfc062723c751e8b465ee728b)
Start importing Assets/Standard Assets/Characters/ThirdPersonCharacter/Prefabs/ThirdPersonController.prefab using Guid(7737647c22c1fc64a88d5cd030c352ce) Importer(815301076,1909f56bfc062723c751e8b465ee728b)  -> (artifact id: 'b94bd85c04194fc22733fb843e4821ed') in 0.102344 seconds
  Import took 0.111849 seconds .

========================================================================
Received Prepare
Registering precompiled user dll's ...
Registered in 0.000613 seconds.
Begin MonoManager ReloadAssembly
Native extension for WindowsStandalone target not found
Native extension for WebGL target not found
Refreshing native plugins compatible for Editor in 0.40 ms, found 0 plugins.
Preloading 0 native plugins for Editor in 0.00 ms.
Mono: successfully reloaded assembly
- Completed reload, in  0.930 seconds
Platform modules already initialized, skipping
Refreshing native plugins compatible for Editor in 0.32 ms, found 0 plugins.
Preloading 0 native plugins for Editor in 0.00 ms.
Unloading 1221 Unused Serialized files (Serialized files now loaded: 0)
System memory in use before: 85.6 MB.
System memory in use after: 85.3 MB.

Unloading 7 unused Assets to reduce memory usage. Loaded Objects now: 1703.
Total: 1.886200 ms (FindLiveObjects: 0.134500 ms CreateObjectMapping: 0.036900 ms MarkObjects: 1.308500 ms  DeleteObjects: 0.405100 ms)

========================================================================
Received Prepare
Registering precompiled user dll's ...
Registered in 0.001284 seconds.
Begin MonoManager ReloadAssembly
Native extension for WindowsStandalone target not found
Native extension for WebGL target not found
Refreshing native plugins compatible for Editor in 0.26 ms, found 0 plugins.
Preloading 0 native plugins for Editor in 0.00 ms.
Mono: successfully reloaded assembly
- Completed reload, in  0.823 seconds
Platform modules already initialized, skipping
Refreshing native plugins compatible for Editor in 0.38 ms, found 0 plugins.
Preloading 0 native plugins for Editor in 0.00 ms.
Unloading 1221 Unused Serialized files (Serialized files now loaded: 0)
System memory in use before: 85.6 MB.
System memory in use after: 85.3 MB.

Unloading 7 unused Assets to reduce memory usage. Loaded Objects now: 1706.
Total: 2.457800 ms (FindLiveObjects: 0.299700 ms CreateObjectMapping: 0.124400 ms MarkObjects: 1.362200 ms  DeleteObjects: 0.670000 ms)

========================================================================
Received Prepare
Registering precompiled user dll's ...
Registered in 0.000903 seconds.
Begin MonoManager ReloadAssembly
Native extension for WindowsStandalone target not found
Native extension for WebGL target not found
Refreshing native plugins compatible for Editor in 0.29 ms, found 0 plugins.
Preloading 0 native plugins for Editor in 0.00 ms.
Mono: successfully reloaded assembly
- Completed reload, in  1.373 seconds
Platform modules already initialized, skipping
Refreshing native plugins compatible for Editor in 0.26 ms, found 0 plugins.
Preloading 0 native plugins for Editor in 0.00 ms.
Unloading 1222 Unused Serialized files (Serialized files now loaded: 0)
System memory in use before: 85.6 MB.
System memory in use after: 85.3 MB.

Unloading 7 unused Assets to reduce memory usage. Loaded Objects now: 1710.
Total: 1.840300 ms (FindLiveObjects: 0.147900 ms CreateObjectMapping: 0.040000 ms MarkObjects: 1.314000 ms  DeleteObjects: 0.337100 ms)

========================================================================
Received Prepare
Registering precompiled user dll's ...
Registered in 0.002227 seconds.
Begin MonoManager ReloadAssembly
Native extension for WindowsStandalone target not found
Native extension for WebGL target not found
Refreshing native plugins compatible for Editor in 0.27 ms, found 0 plugins.
Preloading 0 native plugins for Editor in 0.00 ms.
Mono: successfully reloaded assembly
- Completed reload, in  1.068 seconds
Platform modules already initialized, skipping
Refreshing native plugins compatible for Editor in 0.29 ms, found 0 plugins.
Preloading 0 native plugins for Editor in 0.00 ms.
Unloading 1222 Unused Serialized files (Serialized files now loaded: 0)
System memory in use before: 85.6 MB.
System memory in use after: 85.3 MB.

Unloading 7 unused Assets to reduce memory usage. Loaded Objects now: 1713.
Total: 8.840200 ms (FindLiveObjects: 0.285000 ms CreateObjectMapping: 0.098200 ms MarkObjects: 7.744200 ms  DeleteObjects: 0.710000 ms)

========================================================================
Received Import Request.
  Time since last request: 1219.743632 seconds.
  path: Assets/PlayerChase.cs
  artifactKey: Guid(f689b2fd8fdd45d4bb23044b50d45d10) Importer(815301076,1909f56bfc062723c751e8b465ee728b)
Start importing Assets/PlayerChase.cs using Guid(f689b2fd8fdd45d4bb23044b50d45d10) Importer(815301076,1909f56bfc062723c751e8b465ee728b)  -> (artifact id: '1b44118c099fe95df2a33a406d85ecc7') in 0.019861 seconds
  Import took 0.023017 seconds .

========================================================================
Received Prepare
Registering precompiled user dll's ...
Registered in 0.000847 seconds.
Begin MonoManager ReloadAssembly
Native extension for WindowsStandalone target not found
Native extension for WebGL target not found
Refreshing native plugins compatible for Editor in 0.99 ms, found 0 plugins.
Preloading 0 native plugins for Editor in 0.00 ms.
Mono: successfully reloaded assembly
- Completed reload, in  0.796 seconds
Platform modules already initialized, skipping
Refreshing native plugins compatible for Editor in 0.28 ms, found 0 plugins.
Preloading 0 native plugins for Editor in 0.00 ms.
Unloading 1222 Unused Serialized files (Serialized files now loaded: 0)
System memory in use before: 85.6 MB.
System memory in use after: 85.3 MB.

Unloading 7 unused Assets to reduce memory usage. Loaded Objects now: 1716.
Total: 1.897200 ms (FindLiveObjects: 0.133300 ms CreateObjectMapping: 0.035700 ms MarkObjects: 1.395500 ms  DeleteObjects: 0.331200 ms)

========================================================================
Received Import Request.
  Time since last request: 131.332171 seconds.
  path: Assets/Standard Assets/2D/Animator/2dCharacterAnimator.controller
  artifactKey: Guid(5fc43f0c4b413534ba12c51c0e5e5f6f) Importer(815301076,1909f56bfc062723c751e8b465ee728b)
Start importing Assets/Standard Assets/2D/Animator/2dCharacterAnimator.controller using Guid(5fc43f0c4b413534ba12c51c0e5e5f6f) Importer(815301076,1909f56bfc062723c751e8b465ee728b)  -> (artifact id: '40285a021d656877c54eb5d0df4b33aa') in 0.027193 seconds
  Import took 0.030683 seconds .

========================================================================
Received Prepare
Registering precompiled user dll's ...
Registered in 0.000747 seconds.
Begin MonoManager ReloadAssembly
Native extension for WindowsStandalone target not found
Native extension for WebGL target not found
Refreshing native plugins compatible for Editor in 0.29 ms, found 0 plugins.
Preloading 0 native plugins for Editor in 0.00 ms.
Mono: successfully reloaded assembly
- Completed reload, in  0.980 seconds
Platform modules already initialized, skipping
Refreshing native plugins compatible for Editor in 0.26 ms, found 0 plugins.
Preloading 0 native plugins for Editor in 0.00 ms.
Unloading 1222 Unused Serialized files (Serialized files now loaded: 0)
System memory in use before: 85.7 MB.
System memory in use after: 85.4 MB.

Unloading 7 unused Assets to reduce memory usage. Loaded Objects now: 1719.
Total: 4.164900 ms (FindLiveObjects: 0.216900 ms CreateObjectMapping: 0.048000 ms MarkObjects: 3.519900 ms  DeleteObjects: 0.378700 ms)

========================================================================
Received Import Request.
  Time since last request: 76.076363 seconds.
  path: Assets/Standard Assets/2D/Animations/RobotBoyWalk.anim
  artifactKey: Guid(5f88bded061933e41a9ed57ae1d07946) Importer(815301076,1909f56bfc062723c751e8b465ee728b)
Start importing Assets/Standard Assets/2D/Animations/RobotBoyWalk.anim using Guid(5f88bded061933e41a9ed57ae1d07946) Importer(815301076,1909f56bfc062723c751e8b465ee728b)  -> (artifact id: 'e8f37795b482084f87d469b51dfb20c5') in 0.015980 seconds
  Import took 0.018660 seconds .

========================================================================
Received Prepare
Registering precompiled user dll's ...
Registered in 0.000594 seconds.
Begin MonoManager ReloadAssembly
Native extension for WindowsStandalone target not found
Native extension for WebGL target not found
Refreshing native plugins compatible for Editor in 0.36 ms, found 0 plugins.
Preloading 0 native plugins for Editor in 0.00 ms.
Mono: successfully reloaded assembly
- Completed reload, in  0.899 seconds
Platform modules already initialized, skipping
Refreshing native plugins compatible for Editor in 0.28 ms, found 0 plugins.
Preloading 0 native plugins for Editor in 0.00 ms.
Unloading 1222 Unused Serialized files (Serialized files now loaded: 0)
System memory in use before: 85.6 MB.
System memory in use after: 85.4 MB.

Unloading 7 unused Assets to reduce memory usage. Loaded Objects now: 1722.
Total: 2.043700 ms (FindLiveObjects: 0.149400 ms CreateObjectMapping: 0.041000 ms MarkObjects: 1.503000 ms  DeleteObjects: 0.349000 ms)

========================================================================
Received Prepare
Registering precompiled user dll's ...
Registered in 0.000706 seconds.
Begin MonoManager ReloadAssembly
Native extension for WindowsStandalone target not found
Native extension for WebGL target not found
Refreshing native plugins compatible for Editor in 0.27 ms, found 0 plugins.
Preloading 0 native plugins for Editor in 0.00 ms.
Mono: successfully reloaded assembly
- Completed reload, in  0.860 seconds
Platform modules already initialized, skipping
Refreshing native plugins compatible for Editor in 0.57 ms, found 0 plugins.
Preloading 0 native plugins for Editor in 0.00 ms.
Unloading 1222 Unused Serialized files (Serialized files now loaded: 0)
System memory in use before: 85.7 MB.
System memory in use after: 85.4 MB.

Unloading 7 unused Assets to reduce memory usage. Loaded Objects now: 1725.
Total: 2.761000 ms (FindLiveObjects: 0.158000 ms CreateObjectMapping: 0.047700 ms MarkObjects: 1.988400 ms  DeleteObjects: 0.564800 ms)

========================================================================
Received Prepare
Registering precompiled user dll's ...
Registered in 0.000611 seconds.
Begin MonoManager ReloadAssembly
Native extension for WindowsStandalone target not found
Native extension for WebGL target not found
Refreshing native plugins compatible for Editor in 0.33 ms, found 0 plugins.
Preloading 0 native plugins for Editor in 0.00 ms.
Mono: successfully reloaded assembly
- Completed reload, in  0.915 seconds
Platform modules already initialized, skipping
Refreshing native plugins compatible for Editor in 0.30 ms, found 0 plugins.
Preloading 0 native plugins for Editor in 0.00 ms.
Unloading 1223 Unused Serialized files (Serialized files now loaded: 0)
System memory in use before: 85.7 MB.
System memory in use after: 85.4 MB.

Unloading 7 unused Assets to reduce memory usage. Loaded Objects now: 1729.
Total: 1.889400 ms (FindLiveObjects: 0.142600 ms CreateObjectMapping: 0.039300 ms MarkObjects: 1.359300 ms  DeleteObjects: 0.347300 ms)

========================================================================
Received Import Request.
  Time since last request: 477.343836 seconds.
  path: Assets/SampleScenes
  artifactKey: Guid(3d8829ac873af27488b1412b8db301ab) Importer(815301076,1909f56bfc062723c751e8b465ee728b)
Start importing Assets/SampleScenes using Guid(3d8829ac873af27488b1412b8db301ab) Importer(815301076,1909f56bfc062723c751e8b465ee728b)  -> (artifact id: '2acd24c548afbc36980da4f589e061df') in 0.004815 seconds
  Import took 0.007943 seconds .

========================================================================
Received Import Request.
  Time since last request: 1.129992 seconds.
  path: Assets/Scenes
  artifactKey: Guid(714532a82e45a474f9daa8b3e2ba0b1d) Importer(815301076,1909f56bfc062723c751e8b465ee728b)
Start importing Assets/Scenes using Guid(714532a82e45a474f9daa8b3e2ba0b1d) Importer(815301076,1909f56bfc062723c751e8b465ee728b)  -> (artifact id: '78b1e5b6d00aad4048e69f9787af0084') in 0.003406 seconds
  Import took 0.006163 seconds .

========================================================================
Received Import Request.
  Time since last request: 0.422490 seconds.
  path: Assets/Standard Assets
  artifactKey: Guid(c6195a43a0187a34e9c6be23520d3766) Importer(815301076,1909f56bfc062723c751e8b465ee728b)
Start importing Assets/Standard Assets using Guid(c6195a43a0187a34e9c6be23520d3766) Importer(815301076,1909f56bfc062723c751e8b465ee728b)  -> (artifact id: '230143dc770c51e9f5d3c7c24a299e33') in 0.003770 seconds
  Import took 0.006517 seconds .

========================================================================
Received Import Request.
  Time since last request: 12.303611 seconds.
  path: Assets/Biomechanical_Mutant/Mesh
  artifactKey: Guid(769fb3e6d9b94e6499be0544158585bb) Importer(815301076,1909f56bfc062723c751e8b465ee728b)
Start importing Assets/Biomechanical_Mutant/Mesh using Guid(769fb3e6d9b94e6499be0544158585bb) Importer(815301076,1909f56bfc062723c751e8b465ee728b)  -> (artifact id: '596636a4796ca77fbffd102b63c6f663') in 0.003800 seconds
  Import took 0.006429 seconds .

========================================================================
Received Import Request.
  Time since last request: 19.043911 seconds.
  path: Assets/True_Horror_Creatures/Horror_creature6_v1.0
  artifactKey: Guid(c19effc665073ea45b19ece5e6094b13) Importer(815301076,1909f56bfc062723c751e8b465ee728b)
Start importing Assets/True_Horror_Creatures/Horror_creature6_v1.0 using Guid(c19effc665073ea45b19ece5e6094b13) Importer(815301076,1909f56bfc062723c751e8b465ee728b)  -> (artifact id: '9aed9a887c63f7bf21189a2f8d35ed0f') in 0.004051 seconds
  Import took 0.006698 seconds .

========================================================================
Received Import Request.
  Time since last request: 2.896528 seconds.
  path: Assets/True_Horror_Creatures/Horror_creature6_v1.0/thc6.fbx
  artifactKey: Guid(1c345d5c2a9b820439fe3bd81aa11b09) Importer(815301076,1909f56bfc062723c751e8b465ee728b)
Start importing Assets/True_Horror_Creatures/Horror_creature6_v1.0/thc6.fbx using Guid(1c345d5c2a9b820439fe3bd81aa11b09) Importer(815301076,1909f56bfc062723c751e8b465ee728b)  -> (artifact id: 'a237290106802c1f0853b6b5b4497354') in 0.250306 seconds
  Import took 0.255152 seconds .

========================================================================
Received Import Request.
  Time since last request: 4.176135 seconds.
  path: Assets/True_Horror_Creatures/Horror_creature6_v1.0/Prefabs
  artifactKey: Guid(64f30a45a17105b48ad221fbe9d3b5fd) Importer(815301076,1909f56bfc062723c751e8b465ee728b)
Start importing Assets/True_Horror_Creatures/Horror_creature6_v1.0/Prefabs using Guid(64f30a45a17105b48ad221fbe9d3b5fd) Importer(815301076,1909f56bfc062723c751e8b465ee728b)  -> (artifact id: 'cc2b3d0af2d3a6131c7fc8b92b2497c3') in 0.002857 seconds
  Import took 0.006011 seconds .

========================================================================
Received Import Request.
  Time since last request: 0.578337 seconds.
  path: Assets/True_Horror_Creatures/Horror_creature6_v1.0/Prefabs/thc6.prefab
  artifactKey: Guid(332254905319da1469830bd3e8725b48) Importer(815301076,1909f56bfc062723c751e8b465ee728b)
Start importing Assets/True_Horror_Creatures/Horror_creature6_v1.0/Prefabs/thc6.prefab using Guid(332254905319da1469830bd3e8725b48) Importer(815301076,1909f56bfc062723c751e8b465ee728b)  -> (artifact id: 'c2d4b5c195eedf3f2bb362e7c7d397e8') in 0.062138 seconds
  Import took 0.069083 seconds .

========================================================================
Received Import Request.
  Time since last request: 37.957123 seconds.
  path: Assets/True_Horror_Creatures/Horror_creature6_v1.0/Materials/thc6.mat
  artifactKey: Guid(e0843adb1442b464e8ff88c5a0b9bdf5) Importer(815301076,1909f56bfc062723c751e8b465ee728b)
Start importing Assets/True_Horror_Creatures/Horror_creature6_v1.0/Materials/thc6.mat using Guid(e0843adb1442b464e8ff88c5a0b9bdf5) Importer(815301076,1909f56bfc062723c751e8b465ee728b)  -> (artifact id: 'df37ccd3a2bd9421cf65a5d2056d3faa') in 0.033666 seconds
  Import took 0.036996 seconds .

========================================================================
Received Import Request.
  Time since last request: 2.254568 seconds.
  path: Assets/True_Horror_Creatures/Horror_creature6_v1.0/Textures/thc6_ao.png
  artifactKey: Guid(4bd99862ffa08cb429cb4f8d415567c1) Importer(815301076,1909f56bfc062723c751e8b465ee728b)
Start importing Assets/True_Horror_Creatures/Horror_creature6_v1.0/Textures/thc6_ao.png using Guid(4bd99862ffa08cb429cb4f8d415567c1) Importer(815301076,1909f56bfc062723c751e8b465ee728b)  -> (artifact id: '2234cf87dfb53cfeb507235fe938072f') in 0.027368 seconds
  Import took 0.030933 seconds .

========================================================================
Received Import Request.
  Time since last request: 0.000385 seconds.
  path: Assets/True_Horror_Creatures/Horror_creature6_v1.0/Textures/thc6_met_smo.png
  artifactKey: Guid(ab29984b060fd854d90c1ce9796a5c9d) Importer(815301076,1909f56bfc062723c751e8b465ee728b)
Start importing Assets/True_Horror_Creatures/Horror_creature6_v1.0/Textures/thc6_met_smo.png using Guid(ab29984b060fd854d90c1ce9796a5c9d) Importer(815301076,1909f56bfc062723c751e8b465ee728b)  -> (artifact id: 'e12940438f610a0686389bcd27475397') in 0.011444 seconds
  Import took 0.014374 seconds .

========================================================================
Received Import Request.
  Time since last request: 0.000238 seconds.
  path: Assets/True_Horror_Creatures/Horror_creature6_v1.0/Textures/thc6_nrml.png
  artifactKey: Guid(dc9bf18a623eca547af0bc007e992a66) Importer(815301076,1909f56bfc062723c751e8b465ee728b)
Start importing Assets/True_Horror_Creatures/Horror_creature6_v1.0/Textures/thc6_nrml.png using Guid(dc9bf18a623eca547af0bc007e992a66) Importer(815301076,1909f56bfc062723c751e8b465ee728b)  -> (artifact id: '02416fdc414d9905a5fde2a1c43fe5e5') in 0.013483 seconds
  Import took 0.017896 seconds .

========================================================================
Received Import Request.
  Time since last request: 0.000226 seconds.
  path: Assets/True_Horror_Creatures/Horror_creature6_v1.0/Textures/thc6_diff.png
  artifactKey: Guid(2f0b93b23f28e7a4fb6a5ff14f36b976) Importer(815301076,1909f56bfc062723c751e8b465ee728b)
Start importing Assets/True_Horror_Creatures/Horror_creature6_v1.0/Textures/thc6_diff.png using Guid(2f0b93b23f28e7a4fb6a5ff14f36b976) Importer(815301076,1909f56bfc062723c751e8b465ee728b)  -> (artifact id: '26e37cd37dd02397fd010a981b7a1e9f') in 0.014554 seconds
  Import took 0.018380 seconds .

========================================================================
Received Prepare
Registering precompiled user dll's ...
Registered in 0.000632 seconds.
Begin MonoManager ReloadAssembly
Native extension for WindowsStandalone target not found
Native extension for WebGL target not found
Refreshing native plugins compatible for Editor in 0.54 ms, found 0 plugins.
Preloading 0 native plugins for Editor in 0.00 ms.
Mono: successfully reloaded assembly
- Completed reload, in  0.807 seconds
Platform modules already initialized, skipping
Refreshing native plugins compatible for Editor in 0.28 ms, found 0 plugins.
Preloading 0 native plugins for Editor in 0.00 ms.
Unloading 1223 Unused Serialized files (Serialized files now loaded: 0)
System memory in use before: 86.1 MB.
System memory in use after: 85.9 MB.

Unloading 7 unused Assets to reduce memory usage. Loaded Objects now: 1772.
Total: 2.461700 ms (FindLiveObjects: 0.220800 ms CreateObjectMapping: 0.048100 ms MarkObjects: 1.839000 ms  DeleteObjects: 0.352500 ms)

========================================================================
Received Prepare
Registering precompiled user dll's ...
Registered in 0.000590 seconds.
Begin MonoManager ReloadAssembly
Native extension for WindowsStandalone target not found
Native extension for WebGL target not found
Refreshing native plugins compatible for Editor in 0.30 ms, found 0 plugins.
Preloading 0 native plugins for Editor in 0.00 ms.
Mono: successfully reloaded assembly
- Completed reload, in  1.086 seconds
Platform modules already initialized, skipping
Refreshing native plugins compatible for Editor in 0.28 ms, found 0 plugins.
Preloading 0 native plugins for Editor in 0.00 ms.
Unloading 1223 Unused Serialized files (Serialized files now loaded: 0)
System memory in use before: 86.2 MB.
System memory in use after: 85.9 MB.

Unloading 7 unused Assets to reduce memory usage. Loaded Objects now: 1775.
Total: 1.903900 ms (FindLiveObjects: 0.187500 ms CreateObjectMapping: 0.072700 ms MarkObjects: 1.249500 ms  DeleteObjects: 0.392600 ms)

========================================================================
Received Import Request.
  Time since last request: 820.688908 seconds.
  path: Assets/True_Horror_Creatures/Horror_creature6_v1.0/thc6.controller
  artifactKey: Guid(73656d61198e95244887bfb747b30016) Importer(815301076,1909f56bfc062723c751e8b465ee728b)
Start importing Assets/True_Horror_Creatures/Horror_creature6_v1.0/thc6.controller using Guid(73656d61198e95244887bfb747b30016) Importer(815301076,1909f56bfc062723c751e8b465ee728b)  -> (artifact id: 'b13e700ff9b91cb6f2ee7b180561bfb3') in 0.039378 seconds
  Import took 0.044436 seconds .

========================================================================
Received Prepare
Registering precompiled user dll's ...
Registered in 0.000640 seconds.
Begin MonoManager ReloadAssembly
Native extension for WindowsStandalone target not found
Native extension for WebGL target not found
Refreshing native plugins compatible for Editor in 0.27 ms, found 0 plugins.
Preloading 0 native plugins for Editor in 0.00 ms.
Mono: successfully reloaded assembly
- Completed reload, in  1.003 seconds
Platform modules already initialized, skipping
Refreshing native plugins compatible for Editor in 0.45 ms, found 0 plugins.
Preloading 0 native plugins for Editor in 0.00 ms.
Unloading 1223 Unused Serialized files (Serialized files now loaded: 0)
System memory in use before: 86.2 MB.
System memory in use after: 85.9 MB.

Unloading 7 unused Assets to reduce memory usage. Loaded Objects now: 1778.
Total: 6.754500 ms (FindLiveObjects: 0.451700 ms CreateObjectMapping: 0.125400 ms MarkObjects: 3.670300 ms  DeleteObjects: 2.504100 ms)

========================================================================
Received Prepare
Registering precompiled user dll's ...
Registered in 0.000703 seconds.
Begin MonoManager ReloadAssembly
Native extension for WindowsStandalone target not found
Native extension for WebGL target not found
Refreshing native plugins compatible for Editor in 0.27 ms, found 0 plugins.
Preloading 0 native plugins for Editor in 0.00 ms.
Mono: successfully reloaded assembly
- Completed reload, in  0.862 seconds
Platform modules already initialized, skipping
Refreshing native plugins compatible for Editor in 0.26 ms, found 0 plugins.
Preloading 0 native plugins for Editor in 0.00 ms.
Unloading 1223 Unused Serialized files (Serialized files now loaded: 0)
System memory in use before: 86.2 MB.
System memory in use after: 85.9 MB.

Unloading 7 unused Assets to reduce memory usage. Loaded Objects now: 1781.
Total: 4.984000 ms (FindLiveObjects: 0.517200 ms CreateObjectMapping: 0.112500 ms MarkObjects: 3.649200 ms  DeleteObjects: 0.701600 ms)

========================================================================
Received Prepare
Registering precompiled user dll's ...
Registered in 0.000716 seconds.
Begin MonoManager ReloadAssembly
Native extension for WindowsStandalone target not found
Native extension for WebGL target not found
Refreshing native plugins compatible for Editor in 0.28 ms, found 0 plugins.
Preloading 0 native plugins for Editor in 0.00 ms.
Mono: successfully reloaded assembly
- Completed reload, in  0.889 seconds
Platform modules already initialized, skipping
Refreshing native plugins compatible for Editor in 0.33 ms, found 0 plugins.
Preloading 0 native plugins for Editor in 0.00 ms.
Unloading 1223 Unused Serialized files (Serialized files now loaded: 0)
System memory in use before: 86.2 MB.
System memory in use after: 85.9 MB.

Unloading 7 unused Assets to reduce memory usage. Loaded Objects now: 1784.
Total: 5.049600 ms (FindLiveObjects: 0.246600 ms CreateObjectMapping: 0.112300 ms MarkObjects: 3.543000 ms  DeleteObjects: 1.146000 ms)

AssetImportWorkerClient::OnTransportError - code=2 error=End of file
