Using pre-set license
Built from '2020.3/staging' branch; Version is '2020.3.6f1 (338bb68529b2) revision 3378102'; Using compiler version '192528614'; Build Type 'Release'
OS: 'Windows 10 Pro; OS build 18363.900; Version 1909; 64bit' Language: 'ru' Physical Memory: 12202 MB
BatchMode: 1, IsHumanControllingUs: 0, StartBugReporterOnCrash: 0, Is64bit: 1, IsPro: 0

 COMMAND LINE ARGUMENTS:
C:\Program Files\Unity\Hub\Editor\2020.3.6f1\Editor\Unity.exe
-adb2
-batchMode
-noUpm
-name
AssetImportWorker0
-projectPath
D:/GameDev/UdemyUnityC#/AndroidGamesLessons/[New] Build an Android Game Start to Finish in 40 Minutes
-logFile
Logs/AssetImportWorker0.log
-srvPort
60805
Successfully changed project path to: D:/GameDev/UdemyUnityC#/AndroidGamesLessons/[New] Build an Android Game Start to Finish in 40 Minutes
D:/GameDev/UdemyUnityC#/AndroidGamesLessons/[New] Build an Android Game Start to Finish in 40 Minutes
Using Asset Import Pipeline V2.
Refreshing native plugins compatible for Editor in 65.31 ms, found 1 plugins.
Preloading 0 native plugins for Editor in 0.00 ms.
Initialize engine version: 2020.3.6f1 (338bb68529b2)
[Subsystems] Discovering subsystems at path C:/Program Files/Unity/Hub/Editor/2020.3.6f1/Editor/Data/Resources/UnitySubsystems
[Subsystems] Discovering subsystems at path D:/GameDev/UdemyUnityC#/AndroidGamesLessons/[New] Build an Android Game Start to Finish in 40 Minutes/Assets
GfxDevice: creating device client; threaded=0
Direct3D:
    Version:  Direct3D 11.0 [level 11.0]
    Renderer: NVIDIA GeForce GTX 750 (ID=0x1381)
    Vendor:   
    VRAM:     984 MB
    Driver:   27.21.14.6627
Initialize mono
Mono path[0] = 'C:/Program Files/Unity/Hub/Editor/2020.3.6f1/Editor/Data/Managed'
Mono path[1] = 'C:/Program Files/Unity/Hub/Editor/2020.3.6f1/Editor/Data/MonoBleedingEdge/lib/mono/unityjit'
Mono config path = 'C:/Program Files/Unity/Hub/Editor/2020.3.6f1/Editor/Data/MonoBleedingEdge/etc'
Using monoOptions --debugger-agent=transport=dt_socket,embedding=1,server=y,suspend=n,address=127.0.0.1:56884
Begin MonoManager ReloadAssembly
Registering precompiled unity dll's ...
Register platform support module: C:/Program Files/Unity/Hub/Editor/2020.3.6f1/Editor/Data/PlaybackEngines/WebGLSupport/UnityEditor.WebGL.Extensions.dll
Register platform support module: C:/Program Files/Unity/Hub/Editor/2020.3.6f1/Editor/Data/PlaybackEngines/WindowsStandaloneSupport/UnityEditor.WindowsStandalone.Extensions.dll
Registered in 0.001743 seconds.
Native extension for WindowsStandalone target not found
Native extension for WebGL target not found
Refreshing native plugins compatible for Editor in 38.27 ms, found 1 plugins.
Preloading 0 native plugins for Editor in 0.00 ms.
Mono: successfully reloaded assembly
- Completed reload, in  2.422 seconds
Platform modules already initialized, skipping
Registering precompiled user dll's ...
Registered in 0.000843 seconds.
Begin MonoManager ReloadAssembly
Native extension for WindowsStandalone target not found
Native extension for WebGL target not found
Refreshing native plugins compatible for Editor in 40.03 ms, found 1 plugins.
Preloading 0 native plugins for Editor in 0.00 ms.
Mono: successfully reloaded assembly
- Completed reload, in  1.038 seconds
Platform modules already initialized, skipping
========================================================================
Worker process is ready to serve import requests
Launched and connected shader compiler UnityShaderCompiler.exe after 0.09 seconds
Refreshing native plugins compatible for Editor in 0.51 ms, found 1 plugins.
Preloading 0 native plugins for Editor in 0.00 ms.
Unloading 1809 Unused Serialized files (Serialized files now loaded: 0)
System memory in use before: 85.6 MB.
System memory in use after: 85.6 MB.

Unloading 24 unused Assets to reduce memory usage. Loaded Objects now: 2250.
Total: 2.631900 ms (FindLiveObjects: 0.291600 ms CreateObjectMapping: 0.148000 ms MarkObjects: 2.065200 ms  DeleteObjects: 0.124800 ms)

========================================================================
Received Import Request.
  path: Assets/Scenes
  artifactKey: Guid(4bc738e0b59a84049906c98b8fbf48e9) Importer(815301076,1909f56bfc062723c751e8b465ee728b)
Start importing Assets/Scenes using Guid(4bc738e0b59a84049906c98b8fbf48e9) Importer(815301076,1909f56bfc062723c751e8b465ee728b)  -> (artifact id: 'd78ea425c4c69810a9cd43add5cfbb55') in 0.005623 seconds
  Import took 0.008524 seconds .

========================================================================
Received Import Request.
  Time since last request: 0.000445 seconds.
  path: Assets/Scenes/SampleScene.unity
  artifactKey: Guid(2cda990e2423bbf4892e6590ba056729) Importer(815301076,1909f56bfc062723c751e8b465ee728b)
Start importing Assets/Scenes/SampleScene.unity using Guid(2cda990e2423bbf4892e6590ba056729) Importer(815301076,1909f56bfc062723c751e8b465ee728b)  -> (artifact id: 'caf595eaeb10e7fcd37cdd758b995f25') in 0.011072 seconds
  Import took 0.014491 seconds .

========================================================================
Received Import Request.
  Time since last request: 1.813924 seconds.
  path: Assets/Scenes/Game.unity
  artifactKey: Guid(2cda990e2423bbf4892e6590ba056729) Importer(815301076,1909f56bfc062723c751e8b465ee728b)
Start importing Assets/Scenes/Game.unity using Guid(2cda990e2423bbf4892e6590ba056729) Importer(815301076,1909f56bfc062723c751e8b465ee728b)  -> (artifact id: 'fb22a6eafc35aca102778636be968f00') in 0.004524 seconds
  Import took 0.021731 seconds .

========================================================================
Received Import Request.
  Time since last request: 43.494241 seconds.
  path: Assets
  artifactKey: Guid(00000000000000001000000000000000) Importer(815301076,1909f56bfc062723c751e8b465ee728b)
Start importing Assets using Guid(00000000000000001000000000000000) Importer(815301076,1909f56bfc062723c751e8b465ee728b)  -> (artifact id: '2c602d4445bd9e0e517b9a7c882a2249') in 0.003288 seconds
  Import took 0.008636 seconds .

========================================================================
Received Import Request.
  Time since last request: 6.402263 seconds.
  path: Assets/Sprites
  artifactKey: Guid(ecca3673fa359b747a2624ea0fa459e1) Importer(815301076,1909f56bfc062723c751e8b465ee728b)
Start importing Assets/Sprites using Guid(ecca3673fa359b747a2624ea0fa459e1) Importer(815301076,1909f56bfc062723c751e8b465ee728b)  -> (artifact id: 'a352fcc354734e76a98610910ed8f69b') in 0.001776 seconds
  Import took 0.007452 seconds .

========================================================================
Received Import Request.
  Time since last request: 132.376200 seconds.
  path: Assets/Sprites/Square.png
  artifactKey: Guid(4ab9be9c03b5b0b44bd82ca4dbe629c4) Importer(815301076,1909f56bfc062723c751e8b465ee728b)
Start importing Assets/Sprites/Square.png using Guid(4ab9be9c03b5b0b44bd82ca4dbe629c4) Importer(815301076,1909f56bfc062723c751e8b465ee728b)  -> (artifact id: '743afb5c391929629f4bebbef2e2188a') in 0.161303 seconds
  Import took 0.166451 seconds .

========================================================================
Received Import Request.
  Time since last request: 13.799551 seconds.
  path: Assets/Sprites/Boudry.png
  artifactKey: Guid(4ab9be9c03b5b0b44bd82ca4dbe629c4) Importer(815301076,1909f56bfc062723c751e8b465ee728b)
Start importing Assets/Sprites/Boudry.png using Guid(4ab9be9c03b5b0b44bd82ca4dbe629c4) Importer(815301076,1909f56bfc062723c751e8b465ee728b)  -> (artifact id: '3aeb22d3bab6a5e00fdf591d269c7262') in 0.022825 seconds
  Import took 0.025714 seconds .

========================================================================
Received Import Request.
  Time since last request: 1112.255298 seconds.
  path: Assets/Sprites/Balls
  artifactKey: Guid(3e14c2c4336373c478f3415eb26b4aaa) Importer(815301076,1909f56bfc062723c751e8b465ee728b)
Start importing Assets/Sprites/Balls using Guid(3e14c2c4336373c478f3415eb26b4aaa) Importer(815301076,1909f56bfc062723c751e8b465ee728b)  -> (artifact id: '80eedcf30ec8b57aa416e467ba4135db') in 0.001899 seconds
  Import took 0.005967 seconds .

========================================================================
Received Import Request.
  Time since last request: 0.079258 seconds.
  path: Assets/Sprites/Balls/Preview.png
  artifactKey: Guid(1f36ca4d76b09184e86b73112625674c) Importer(815301076,1909f56bfc062723c751e8b465ee728b)
Start importing Assets/Sprites/Balls/Preview.png using Guid(1f36ca4d76b09184e86b73112625674c) Importer(815301076,1909f56bfc062723c751e8b465ee728b)  -> (artifact id: 'ced864331384971fc1fcfe3ca40fc6fe') in 0.014961 seconds
  Import took 0.018277 seconds .

========================================================================
Received Import Request.
  Time since last request: 0.000282 seconds.
  path: Assets/Sprites/Balls/Sample.png
  artifactKey: Guid(39b5262d608fff14a9eaf5cfab8d045a) Importer(815301076,1909f56bfc062723c751e8b465ee728b)
Start importing Assets/Sprites/Balls/Sample.png using Guid(39b5262d608fff14a9eaf5cfab8d045a) Importer(815301076,1909f56bfc062723c751e8b465ee728b)  -> (artifact id: '3d15d64a267df2ed06367ff6495bab4f') in 0.012644 seconds
  Import took 0.016211 seconds .

========================================================================
Received Import Request.
  Time since last request: 0.694346 seconds.
  path: Assets/Sprites/Balls/PNG
  artifactKey: Guid(8df2d8cc4541ef54ba97ac1579ff4803) Importer(815301076,1909f56bfc062723c751e8b465ee728b)
Start importing Assets/Sprites/Balls/PNG using Guid(8df2d8cc4541ef54ba97ac1579ff4803) Importer(815301076,1909f56bfc062723c751e8b465ee728b)  -> (artifact id: '42dc0c57597954774070b36615bfa87b') in 0.002309 seconds
  Import took 0.006993 seconds .

========================================================================
Received Import Request.
  Time since last request: 0.902649 seconds.
  path: Assets/Sprites/Balls/PNG/Default
  artifactKey: Guid(5d3fab5c8c0a2e946b72c4d30776e758) Importer(815301076,1909f56bfc062723c751e8b465ee728b)
Start importing Assets/Sprites/Balls/PNG/Default using Guid(5d3fab5c8c0a2e946b72c4d30776e758) Importer(815301076,1909f56bfc062723c751e8b465ee728b)  -> (artifact id: '6184e475ae57339676636abb1567f7b7') in 0.001881 seconds
  Import took 0.005091 seconds .

========================================================================
Received Import Request.
  Time since last request: 0.084961 seconds.
  path: Assets/Sprites/Balls/PNG/Default/background_blue.png
  artifactKey: Guid(746a31684e679f74d9d83a82c00793b7) Importer(815301076,1909f56bfc062723c751e8b465ee728b)
Start importing Assets/Sprites/Balls/PNG/Default/background_blue.png using Guid(746a31684e679f74d9d83a82c00793b7) Importer(815301076,1909f56bfc062723c751e8b465ee728b)  -> (artifact id: '5a354f2537ca6491e544c130863c2c94') in 0.010029 seconds
  Import took 0.013347 seconds .

========================================================================
Received Import Request.
  Time since last request: 0.000244 seconds.
  path: Assets/Sprites/Balls/PNG/Default/block_locked_narrow.png
  artifactKey: Guid(792533d974304cf4b9f014eae6d2cb84) Importer(815301076,1909f56bfc062723c751e8b465ee728b)
Start importing Assets/Sprites/Balls/PNG/Default/block_locked_narrow.png using Guid(792533d974304cf4b9f014eae6d2cb84) Importer(815301076,1909f56bfc062723c751e8b465ee728b)  -> (artifact id: 'bc24e84ccbce18b573fecb8494eb64e4') in 0.008594 seconds
  Import took 0.017250 seconds .

========================================================================
Received Import Request.
  Time since last request: 0.000138 seconds.
  path: Assets/Sprites/Balls/PNG/Default/block_rotate_narrow.png
  artifactKey: Guid(89047369badcb0f4a983c67f9397555b) Importer(815301076,1909f56bfc062723c751e8b465ee728b)
Start importing Assets/Sprites/Balls/PNG/Default/block_rotate_narrow.png using Guid(89047369badcb0f4a983c67f9397555b) Importer(815301076,1909f56bfc062723c751e8b465ee728b)  -> (artifact id: 'aad1b60e6fedc0be9e8cd86d6f1b90ae') in 0.026188 seconds
  Import took 0.033194 seconds .

========================================================================
Received Import Request.
  Time since last request: 0.000206 seconds.
  path: Assets/Sprites/Balls/PNG/Default/block_square.png
  artifactKey: Guid(0378867560b9c5a4b9996d9124404939) Importer(815301076,1909f56bfc062723c751e8b465ee728b)
Start importing Assets/Sprites/Balls/PNG/Default/block_square.png using Guid(0378867560b9c5a4b9996d9124404939) Importer(815301076,1909f56bfc062723c751e8b465ee728b)  -> (artifact id: 'b3d4ec9dd3a6754aff24a676e0b04aaa') in 0.006571 seconds
  Import took 0.009583 seconds .

========================================================================
Received Import Request.
  Time since last request: 0.000243 seconds.
  path: Assets/Sprites/Balls/PNG/Default/ball_red_small.png
  artifactKey: Guid(97c7ccdfd86175149855f98b2eead7e2) Importer(815301076,1909f56bfc062723c751e8b465ee728b)
Start importing Assets/Sprites/Balls/PNG/Default/ball_red_small.png using Guid(97c7ccdfd86175149855f98b2eead7e2) Importer(815301076,1909f56bfc062723c751e8b465ee728b)  -> (artifact id: 'e0e7eb49627ce6ec51b05d1f0cdf8548') in 0.017382 seconds
  Import took 0.021597 seconds .

========================================================================
Received Import Request.
  Time since last request: 0.000207 seconds.
  path: Assets/Sprites/Balls/PNG/Default/ball_blue_large.png
  artifactKey: Guid(c4ab3ae1c4d78a04a8c276daf7f4d445) Importer(815301076,1909f56bfc062723c751e8b465ee728b)
Start importing Assets/Sprites/Balls/PNG/Default/ball_blue_large.png using Guid(c4ab3ae1c4d78a04a8c276daf7f4d445) Importer(815301076,1909f56bfc062723c751e8b465ee728b)  -> (artifact id: '19f5b24cdfe26aecf02246ff937c8492') in 0.009820 seconds
  Import took 0.013930 seconds .

========================================================================
Received Import Request.
  Time since last request: 0.000878 seconds.
  path: Assets/Sprites/Balls/PNG/Default/ball_red_small_alt.png
  artifactKey: Guid(a4cb2b1eb419b9348bfd6d7ed0412bf4) Importer(815301076,1909f56bfc062723c751e8b465ee728b)
Start importing Assets/Sprites/Balls/PNG/Default/ball_red_small_alt.png using Guid(a4cb2b1eb419b9348bfd6d7ed0412bf4) Importer(815301076,1909f56bfc062723c751e8b465ee728b)  -> (artifact id: '913b296b025dcd0f73a74e0295ff5a5a') in 0.007518 seconds
  Import took 0.011289 seconds .

========================================================================
Received Import Request.
  Time since last request: 0.000192 seconds.
  path: Assets/Sprites/Balls/PNG/Default/ball_blue_small_alt.png
  artifactKey: Guid(4f57986a07717de459d05e7e7e680a47) Importer(815301076,1909f56bfc062723c751e8b465ee728b)
Start importing Assets/Sprites/Balls/PNG/Default/ball_blue_small_alt.png using Guid(4f57986a07717de459d05e7e7e680a47) Importer(815301076,1909f56bfc062723c751e8b465ee728b)  -> (artifact id: 'e80f53667f50de851b8cb9267a06fc00') in 0.015711 seconds
  Import took 0.020491 seconds .

========================================================================
Received Import Request.
  Time since last request: 0.000214 seconds.
  path: Assets/Sprites/Balls/PNG/Default/background_brown.png
  artifactKey: Guid(0538d1c139248a548817c278227c1913) Importer(815301076,1909f56bfc062723c751e8b465ee728b)
Start importing Assets/Sprites/Balls/PNG/Default/background_brown.png using Guid(0538d1c139248a548817c278227c1913) Importer(815301076,1909f56bfc062723c751e8b465ee728b)  -> (artifact id: 'bc7beb2f10dbee70bfcae17435a477f2') in 0.013728 seconds
  Import took 0.019080 seconds .

========================================================================
Received Import Request.
  Time since last request: 0.000227 seconds.
  path: Assets/Sprites/Balls/PNG/Default/ball_red_large.png
  artifactKey: Guid(1a1c3a843daa8db439a709e1388968ba) Importer(815301076,1909f56bfc062723c751e8b465ee728b)
Start importing Assets/Sprites/Balls/PNG/Default/ball_red_large.png using Guid(1a1c3a843daa8db439a709e1388968ba) Importer(815301076,1909f56bfc062723c751e8b465ee728b)  -> (artifact id: '81a400d2aad612c10a64a2146a41957f') in 0.011398 seconds
  Import took 0.017148 seconds .

========================================================================
Received Import Request.
  Time since last request: 0.000311 seconds.
  path: Assets/Sprites/Balls/PNG/Default/ball_red_large_alt.png
  artifactKey: Guid(8bab5fdce2718624da0518d7df3f1320) Importer(815301076,1909f56bfc062723c751e8b465ee728b)
Start importing Assets/Sprites/Balls/PNG/Default/ball_red_large_alt.png using Guid(8bab5fdce2718624da0518d7df3f1320) Importer(815301076,1909f56bfc062723c751e8b465ee728b)  -> (artifact id: '01c6e57b7888e5fc81f167e7d359eda1') in 0.008175 seconds
  Import took 0.013138 seconds .

========================================================================
Received Import Request.
  Time since last request: 0.000377 seconds.
  path: Assets/Sprites/Balls/PNG/Default/block_locked_small.png
  artifactKey: Guid(453fb6dca8632a64189dcd19102f7bcc) Importer(815301076,1909f56bfc062723c751e8b465ee728b)
Start importing Assets/Sprites/Balls/PNG/Default/block_locked_small.png using Guid(453fb6dca8632a64189dcd19102f7bcc) Importer(815301076,1909f56bfc062723c751e8b465ee728b)  -> (artifact id: 'e7928a6a5f9aaa2eb36284e442f62332') in 0.008857 seconds
  Import took 0.012186 seconds .

========================================================================
Received Import Request.
  Time since last request: 0.000212 seconds.
  path: Assets/Sprites/Balls/PNG/Default/block_large.png
  artifactKey: Guid(83196bc4e06d5d34ca9ad3dcbf7113c7) Importer(815301076,1909f56bfc062723c751e8b465ee728b)
Start importing Assets/Sprites/Balls/PNG/Default/block_large.png using Guid(83196bc4e06d5d34ca9ad3dcbf7113c7) Importer(815301076,1909f56bfc062723c751e8b465ee728b)  -> (artifact id: '61316881b63459c51e4f12224e9c6700') in 0.014893 seconds
  Import took 0.018984 seconds .

========================================================================
Received Import Request.
  Time since last request: 0.000301 seconds.
  path: Assets/Sprites/Balls/PNG/Default/block_narrow.png
  artifactKey: Guid(b6a28328c12ec1e49ad06d6739d459cb) Importer(815301076,1909f56bfc062723c751e8b465ee728b)
Start importing Assets/Sprites/Balls/PNG/Default/block_narrow.png using Guid(b6a28328c12ec1e49ad06d6739d459cb) Importer(815301076,1909f56bfc062723c751e8b465ee728b)  -> (artifact id: '86019d8fba5622f89e55afc51d7f9d0a') in 0.014144 seconds
  Import took 0.018321 seconds .

========================================================================
Received Import Request.
  Time since last request: 0.000250 seconds.
  path: Assets/Sprites/Balls/PNG/Default/block_small.png
  artifactKey: Guid(0abaabf0891042c4da672d2dc1d7249e) Importer(815301076,1909f56bfc062723c751e8b465ee728b)
Start importing Assets/Sprites/Balls/PNG/Default/block_small.png using Guid(0abaabf0891042c4da672d2dc1d7249e) Importer(815301076,1909f56bfc062723c751e8b465ee728b)  -> (artifact id: '17e888876e5b7ca5e4ac0369bd7f79c1') in 0.009216 seconds
  Import took 0.012785 seconds .

========================================================================
Received Import Request.
  Time since last request: 0.000273 seconds.
  path: Assets/Sprites/Balls/PNG/Default/block_locked_square.png
  artifactKey: Guid(5c0a5107fd81cff4ab49059a78bb04f1) Importer(815301076,1909f56bfc062723c751e8b465ee728b)
Start importing Assets/Sprites/Balls/PNG/Default/block_locked_square.png using Guid(5c0a5107fd81cff4ab49059a78bb04f1) Importer(815301076,1909f56bfc062723c751e8b465ee728b)  -> (artifact id: 'e625ea91c30e313f73e2994ef5525534') in 0.011072 seconds
  Import took 0.014805 seconds .

========================================================================
Received Import Request.
  Time since last request: 0.000202 seconds.
  path: Assets/Sprites/Balls/PNG/Default/ball_blue_small.png
  artifactKey: Guid(5b55f3094c833024187390a00dc19d33) Importer(815301076,1909f56bfc062723c751e8b465ee728b)
Start importing Assets/Sprites/Balls/PNG/Default/ball_blue_small.png using Guid(5b55f3094c833024187390a00dc19d33) Importer(815301076,1909f56bfc062723c751e8b465ee728b)  -> (artifact id: '70bf6b36570642305ddf046e49dcf7c6') in 0.014042 seconds
  Import took 0.018754 seconds .

========================================================================
Received Import Request.
  Time since last request: 0.000231 seconds.
  path: Assets/Sprites/Balls/PNG/Default/ball_blue_large_alt.png
  artifactKey: Guid(1e64651f7b94dff44827dca8d17a7a27) Importer(815301076,1909f56bfc062723c751e8b465ee728b)
Start importing Assets/Sprites/Balls/PNG/Default/ball_blue_large_alt.png using Guid(1e64651f7b94dff44827dca8d17a7a27) Importer(815301076,1909f56bfc062723c751e8b465ee728b)  -> (artifact id: '7405964f2a3439e96ed28930d9eb4380') in 0.009662 seconds
  Import took 0.013983 seconds .

========================================================================
Received Import Request.
  Time since last request: 0.000286 seconds.
  path: Assets/Sprites/Balls/PNG/Default/block_locked_large.png
  artifactKey: Guid(ebb728222f7d970448b46a52bfe98dca) Importer(815301076,1909f56bfc062723c751e8b465ee728b)
Start importing Assets/Sprites/Balls/PNG/Default/block_locked_large.png using Guid(ebb728222f7d970448b46a52bfe98dca) Importer(815301076,1909f56bfc062723c751e8b465ee728b)  -> (artifact id: '242b7a22cb972b10dd5f01ae2fa3d650') in 0.009601 seconds
  Import took 0.014773 seconds .

========================================================================
Received Import Request.
  Time since last request: 0.000103 seconds.
  path: Assets/Sprites/Balls/PNG/Default/block_rotate_large.png
  artifactKey: Guid(0bbc253e899e3974daa95fa018dca34a) Importer(815301076,1909f56bfc062723c751e8b465ee728b)
Start importing Assets/Sprites/Balls/PNG/Default/block_rotate_large.png using Guid(0bbc253e899e3974daa95fa018dca34a) Importer(815301076,1909f56bfc062723c751e8b465ee728b)  -> (artifact id: '4cd564983f8809fe5472d959712810ec') in 0.012446 seconds
  Import took 0.017592 seconds .

========================================================================
Received Import Request.
  Time since last request: 0.000195 seconds.
  path: Assets/Sprites/Balls/PNG/Default/block_corner.png
  artifactKey: Guid(4a323bf39772e024aa44f282ef741aaf) Importer(815301076,1909f56bfc062723c751e8b465ee728b)
Start importing Assets/Sprites/Balls/PNG/Default/block_corner.png using Guid(4a323bf39772e024aa44f282ef741aaf) Importer(815301076,1909f56bfc062723c751e8b465ee728b)  -> (artifact id: '25039177181cff192d79a134aca7af6c') in 0.015956 seconds
  Import took 0.019485 seconds .

========================================================================
Received Import Request.
  Time since last request: 0.000358 seconds.
  path: Assets/Sprites/Balls/PNG/Default/background_green.png
  artifactKey: Guid(8ee0fdd185471bf4bb51b2ef5065f009) Importer(815301076,1909f56bfc062723c751e8b465ee728b)
Start importing Assets/Sprites/Balls/PNG/Default/background_green.png using Guid(8ee0fdd185471bf4bb51b2ef5065f009) Importer(815301076,1909f56bfc062723c751e8b465ee728b)  -> (artifact id: '5790155382a1da13d00f1630a1ca0540') in 0.011513 seconds
  Import took 0.015808 seconds .

========================================================================
Received Import Request.
  Time since last request: 0.000222 seconds.
  path: Assets/Sprites/Balls/PNG/Default/block_corner_large.png
  artifactKey: Guid(2e795d92cf4d38b4d974faf919dbff87) Importer(815301076,1909f56bfc062723c751e8b465ee728b)
Start importing Assets/Sprites/Balls/PNG/Default/block_corner_large.png using Guid(2e795d92cf4d38b4d974faf919dbff87) Importer(815301076,1909f56bfc062723c751e8b465ee728b)  -> (artifact id: '2b10efd9f66811324e6c6783901583ea') in 0.011717 seconds
  Import took 0.015856 seconds .

========================================================================
Received Import Request.
  Time since last request: 31.640893 seconds.
  path: Assets/Sprites/Balls/PNG/Default/button_blue.png
  artifactKey: Guid(c13b66de99c2b6c4dbd1180223fc832e) Importer(815301076,1909f56bfc062723c751e8b465ee728b)
Start importing Assets/Sprites/Balls/PNG/Default/button_blue.png using Guid(c13b66de99c2b6c4dbd1180223fc832e) Importer(815301076,1909f56bfc062723c751e8b465ee728b)  -> (artifact id: 'e74237959f3d3d804990dc88c6d90869') in 0.017835 seconds
  Import took 0.021972 seconds .

========================================================================
Received Prepare
Registering precompiled user dll's ...
Registered in 0.000876 seconds.
Begin MonoManager ReloadAssembly
Native extension for WindowsStandalone target not found
Native extension for WebGL target not found
Refreshing native plugins compatible for Editor in 0.40 ms, found 1 plugins.
Preloading 0 native plugins for Editor in 0.00 ms.
Mono: successfully reloaded assembly
- Completed reload, in  1.058 seconds
Platform modules already initialized, skipping
Switching build target platform(5) subTarget(0) extendedPlatform(0) -> platform(13) subTarget(537395200) extendedPlatform(0)
Refreshing native plugins compatible for Editor in 0.62 ms, found 1 plugins.
Preloading 0 native plugins for Editor in 0.00 ms.
Unloading 1807 Unused Serialized files (Serialized files now loaded: 0)
System memory in use before: 88.7 MB.
System memory in use after: 88.7 MB.

Unloading 12 unused Assets to reduce memory usage. Loaded Objects now: 2274.
Total: 3.415000 ms (FindLiveObjects: 0.277700 ms CreateObjectMapping: 0.094400 ms MarkObjects: 2.450500 ms  DeleteObjects: 0.590300 ms)

AssetImportParameters requested are different than current active one (requested -> active):
  custom:graphics/normal-map-encoding: 01000000000000000000000000000000 -> 02000000000000000000000000000000
========================================================================
Received Prepare
Registering precompiled user dll's ...
Registered in 0.000816 seconds.
Begin MonoManager ReloadAssembly
Native extension for WindowsStandalone target not found
Native extension for WebGL target not found
Refreshing native plugins compatible for Editor in 0.59 ms, found 1 plugins.
Preloading 0 native plugins for Editor in 0.00 ms.
Mono: successfully reloaded assembly
- Completed reload, in  0.835 seconds
Platform modules already initialized, skipping
Switching build target platform(5) subTarget(0) extendedPlatform(0) -> platform(13) subTarget(537395200) extendedPlatform(0)
Refreshing native plugins compatible for Editor in 0.37 ms, found 1 plugins.
Preloading 0 native plugins for Editor in 0.00 ms.
Unloading 1807 Unused Serialized files (Serialized files now loaded: 0)
System memory in use before: 88.8 MB.
System memory in use after: 88.8 MB.

Unloading 12 unused Assets to reduce memory usage. Loaded Objects now: 2278.
Total: 2.524300 ms (FindLiveObjects: 0.247900 ms CreateObjectMapping: 0.081900 ms MarkObjects: 2.046600 ms  DeleteObjects: 0.146800 ms)

AssetImportParameters requested are different than current active one (requested -> active):
  custom:graphics/normal-map-encoding: 01000000000000000000000000000000 -> 02000000000000000000000000000000
========================================================================
Received Import Request.
  Time since last request: 1027.671483 seconds.
  path: Assets/New Material.mat
  artifactKey: Guid(0ebc6b368f0a8f14c9ba1264e49fae94) Importer(815301076,1909f56bfc062723c751e8b465ee728b)
Start importing Assets/New Material.mat using Guid(0ebc6b368f0a8f14c9ba1264e49fae94) Importer(815301076,1909f56bfc062723c751e8b465ee728b)  -> (artifact id: 'c39de1cd695036e220f75d117ca8af73') in 0.278936 seconds
  Import took 0.301971 seconds .

========================================================================
Received Import Request.
  Time since last request: 32.488035 seconds.
  path: Assets/New Physic Material.physicMaterial
  artifactKey: Guid(36847ec8b99ecbf468bc213d6720a326) Importer(815301076,1909f56bfc062723c751e8b465ee728b)
Start importing Assets/New Physic Material.physicMaterial using Guid(36847ec8b99ecbf468bc213d6720a326) Importer(815301076,1909f56bfc062723c751e8b465ee728b)  -> (artifact id: '06131ebc32af69ac05ef62fe84dc524f') in 0.007482 seconds
  Import took 0.011454 seconds .

========================================================================
Received Import Request.
  Time since last request: 11.418489 seconds.
  path: Assets/Bounce.physicMaterial
  artifactKey: Guid(36847ec8b99ecbf468bc213d6720a326) Importer(815301076,1909f56bfc062723c751e8b465ee728b)
Start importing Assets/Bounce.physicMaterial using Guid(36847ec8b99ecbf468bc213d6720a326) Importer(815301076,1909f56bfc062723c751e8b465ee728b)  -> (artifact id: '9dc0a0543289b4ade8a93bbd4fee955d') in 0.002606 seconds
  Import took 0.009468 seconds .

========================================================================
Received Import Request.
  Time since last request: 0.004574 seconds.
  path: Assets/Bounce.physicMaterial
  artifactKey: Guid(36847ec8b99ecbf468bc213d6720a326) Importer(815301076,1909f56bfc062723c751e8b465ee728b)
Start importing Assets/Bounce.physicMaterial using Guid(36847ec8b99ecbf468bc213d6720a326) Importer(815301076,1909f56bfc062723c751e8b465ee728b)  -> (artifact id: '9dc0a0543289b4ade8a93bbd4fee955d') in 0.001893 seconds
  Import took 0.006184 seconds .

========================================================================
Received Import Request.
  Time since last request: 24.923491 seconds.
  path: Assets/Bounce.physicMaterial
  artifactKey: Guid(36847ec8b99ecbf468bc213d6720a326) Importer(815301076,1909f56bfc062723c751e8b465ee728b)
Start importing Assets/Bounce.physicMaterial using Guid(36847ec8b99ecbf468bc213d6720a326) Importer(815301076,1909f56bfc062723c751e8b465ee728b)  -> (artifact id: 'c8a37c067166ec8f8526a9b7792d3ad6') in 0.004616 seconds
  Import took 0.009603 seconds .

========================================================================
Received Import Request.
  Time since last request: 0.000277 seconds.
  path: Assets/Bounce.physicMaterial
  artifactKey: Guid(36847ec8b99ecbf468bc213d6720a326) Importer(815301076,1909f56bfc062723c751e8b465ee728b)
Start importing Assets/Bounce.physicMaterial using Guid(36847ec8b99ecbf468bc213d6720a326) Importer(815301076,1909f56bfc062723c751e8b465ee728b)  -> (artifact id: 'c8a37c067166ec8f8526a9b7792d3ad6') in 0.001753 seconds
  Import took 0.006156 seconds .

========================================================================
Received Import Request.
  Time since last request: 60.278899 seconds.
  path: Assets/New Physics Material 2D.physicsMaterial2D
  artifactKey: Guid(7808acb32fb2a8f4192cb73359d5a17f) Importer(815301076,1909f56bfc062723c751e8b465ee728b)
Start importing Assets/New Physics Material 2D.physicsMaterial2D using Guid(7808acb32fb2a8f4192cb73359d5a17f) Importer(815301076,1909f56bfc062723c751e8b465ee728b)  -> (artifact id: 'c0652bfa7c3543db00fea3437381ec1d') in 0.007849 seconds
  Import took 0.011788 seconds .

========================================================================
Received Import Request.
  Time since last request: 0.000699 seconds.
  path: Assets/New Physics Material 2D.physicsMaterial2D
  artifactKey: Guid(7808acb32fb2a8f4192cb73359d5a17f) Importer(815301076,1909f56bfc062723c751e8b465ee728b)
Start importing Assets/New Physics Material 2D.physicsMaterial2D using Guid(7808acb32fb2a8f4192cb73359d5a17f) Importer(815301076,1909f56bfc062723c751e8b465ee728b)  -> (artifact id: 'c0652bfa7c3543db00fea3437381ec1d') in 0.002159 seconds
  Import took 0.006053 seconds .

========================================================================
Received Import Request.
  Time since last request: 9.730381 seconds.
  path: Assets/Bounce.physicsMaterial2D
  artifactKey: Guid(7808acb32fb2a8f4192cb73359d5a17f) Importer(815301076,1909f56bfc062723c751e8b465ee728b)
Start importing Assets/Bounce.physicsMaterial2D using Guid(7808acb32fb2a8f4192cb73359d5a17f) Importer(815301076,1909f56bfc062723c751e8b465ee728b)  -> (artifact id: 'a668deab404e482d0a1339d93932b567') in 0.002252 seconds
  Import took 0.006441 seconds .

========================================================================
Received Import Request.
  Time since last request: 0.002572 seconds.
  path: Assets/Bounce.physicsMaterial2D
  artifactKey: Guid(7808acb32fb2a8f4192cb73359d5a17f) Importer(815301076,1909f56bfc062723c751e8b465ee728b)
Start importing Assets/Bounce.physicsMaterial2D using Guid(7808acb32fb2a8f4192cb73359d5a17f) Importer(815301076,1909f56bfc062723c751e8b465ee728b)  -> (artifact id: 'a668deab404e482d0a1339d93932b567') in 0.002207 seconds
  Import took 0.006029 seconds .

========================================================================
Received Import Request.
  Time since last request: 17.638381 seconds.
  path: Assets/Bounce.physicsMaterial2D
  artifactKey: Guid(7808acb32fb2a8f4192cb73359d5a17f) Importer(815301076,1909f56bfc062723c751e8b465ee728b)
Start importing Assets/Bounce.physicsMaterial2D using Guid(7808acb32fb2a8f4192cb73359d5a17f) Importer(815301076,1909f56bfc062723c751e8b465ee728b)  -> (artifact id: 'b8ec7b6e9a1b1b8e67c6f11eea1edfa0') in 0.006440 seconds
  Import took 0.011913 seconds .

========================================================================
Received Prepare
Registering precompiled user dll's ...
Registered in 0.001242 seconds.
Begin MonoManager ReloadAssembly
Native extension for WindowsStandalone target not found
Native extension for WebGL target not found
Refreshing native plugins compatible for Editor in 0.35 ms, found 1 plugins.
Preloading 0 native plugins for Editor in 0.00 ms.
Mono: successfully reloaded assembly
- Completed reload, in  0.973 seconds
Platform modules already initialized, skipping
Switching build target platform(5) subTarget(0) extendedPlatform(0) -> platform(13) subTarget(537395200) extendedPlatform(0)
Refreshing native plugins compatible for Editor in 0.55 ms, found 1 plugins.
Preloading 0 native plugins for Editor in 0.00 ms.
Unloading 1807 Unused Serialized files (Serialized files now loaded: 0)
System memory in use before: 89.1 MB.
System memory in use after: 89.1 MB.

Unloading 12 unused Assets to reduce memory usage. Loaded Objects now: 2319.
Total: 4.128400 ms (FindLiveObjects: 0.368500 ms CreateObjectMapping: 0.167000 ms MarkObjects: 3.399700 ms  DeleteObjects: 0.190400 ms)

AssetImportParameters requested are different than current active one (requested -> active):
  custom:graphics/normal-map-encoding: 01000000000000000000000000000000 -> 02000000000000000000000000000000
========================================================================
Received Prepare
Registering precompiled user dll's ...
Registered in 0.000726 seconds.
Begin MonoManager ReloadAssembly
Native extension for WindowsStandalone target not found
Native extension for WebGL target not found
Refreshing native plugins compatible for Editor in 0.36 ms, found 1 plugins.
Preloading 0 native plugins for Editor in 0.00 ms.
Mono: successfully reloaded assembly
- Completed reload, in  0.913 seconds
Platform modules already initialized, skipping
Switching build target platform(5) subTarget(0) extendedPlatform(0) -> platform(13) subTarget(537395200) extendedPlatform(0)
Refreshing native plugins compatible for Editor in 0.39 ms, found 1 plugins.
Preloading 0 native plugins for Editor in 0.00 ms.
Unloading 1807 Unused Serialized files (Serialized files now loaded: 0)
System memory in use before: 89.1 MB.
System memory in use after: 89.1 MB.

Unloading 12 unused Assets to reduce memory usage. Loaded Objects now: 2323.
Total: 1.983600 ms (FindLiveObjects: 0.180400 ms CreateObjectMapping: 0.071400 ms MarkObjects: 1.628700 ms  DeleteObjects: 0.101700 ms)

AssetImportParameters requested are different than current active one (requested -> active):
  custom:graphics/normal-map-encoding: 01000000000000000000000000000000 -> 02000000000000000000000000000000
========================================================================
Received Import Request.
  Time since last request: 330.254485 seconds.
  path: Assets/Scripts
  artifactKey: Guid(9e005c83ad183894591afdafa0d0bbc4) Importer(815301076,1909f56bfc062723c751e8b465ee728b)
Start importing Assets/Scripts using Guid(9e005c83ad183894591afdafa0d0bbc4) Importer(815301076,1909f56bfc062723c751e8b465ee728b)  -> (artifact id: '1b7e50bba4ef247ed57341128334d38f') in 0.004299 seconds
  Import took 0.007853 seconds .

========================================================================
Received Import Request.
  Time since last request: 17.217217 seconds.
  path: Assets/Scripts/Ball.cs
  artifactKey: Guid(f01af3cd6128b4f489eedd7c372d86ce) Importer(815301076,1909f56bfc062723c751e8b465ee728b)
Start importing Assets/Scripts/Ball.cs using Guid(f01af3cd6128b4f489eedd7c372d86ce) Importer(815301076,1909f56bfc062723c751e8b465ee728b)  -> (artifact id: 'a2b9f0b094cd875d9a51ea75935b7c53') in 0.018157 seconds
  Import took 0.022663 seconds .

========================================================================
Received Import Request.
  Time since last request: 0.003575 seconds.
  path: Assets/Scripts/Ball.cs
  artifactKey: Guid(f01af3cd6128b4f489eedd7c372d86ce) Importer(815301076,1909f56bfc062723c751e8b465ee728b)
Start importing Assets/Scripts/Ball.cs using Guid(f01af3cd6128b4f489eedd7c372d86ce) Importer(815301076,1909f56bfc062723c751e8b465ee728b)  -> (artifact id: 'a2b9f0b094cd875d9a51ea75935b7c53') in 0.001596 seconds
  Import took 0.010551 seconds .

========================================================================
Received Prepare
Registering precompiled user dll's ...
Registered in 0.002114 seconds.
Begin MonoManager ReloadAssembly
Native extension for WindowsStandalone target not found
Native extension for WebGL target not found
Refreshing native plugins compatible for Editor in 0.76 ms, found 1 plugins.
Preloading 0 native plugins for Editor in 0.00 ms.
Mono: successfully reloaded assembly
- Completed reload, in  1.397 seconds
Platform modules already initialized, skipping
Switching build target platform(5) subTarget(0) extendedPlatform(0) -> platform(13) subTarget(537395200) extendedPlatform(0)
Refreshing native plugins compatible for Editor in 0.35 ms, found 1 plugins.
Preloading 0 native plugins for Editor in 0.00 ms.
Unloading 1808 Unused Serialized files (Serialized files now loaded: 0)
System memory in use before: 89.1 MB.
System memory in use after: 89.1 MB.

Unloading 12 unused Assets to reduce memory usage. Loaded Objects now: 2328.
Total: 3.019200 ms (FindLiveObjects: 0.207500 ms CreateObjectMapping: 0.077900 ms MarkObjects: 2.576300 ms  DeleteObjects: 0.156000 ms)

AssetImportParameters requested are different than current active one (requested -> active):
  custom:graphics/normal-map-encoding: 01000000000000000000000000000000 -> 02000000000000000000000000000000
========================================================================
Received Prepare
Registering precompiled user dll's ...
Registered in 0.001866 seconds.
Begin MonoManager ReloadAssembly
Native extension for WindowsStandalone target not found
Native extension for WebGL target not found
Refreshing native plugins compatible for Editor in 0.35 ms, found 1 plugins.
Preloading 0 native plugins for Editor in 0.00 ms.
Mono: successfully reloaded assembly
- Completed reload, in  1.117 seconds
Platform modules already initialized, skipping
Switching build target platform(5) subTarget(0) extendedPlatform(0) -> platform(13) subTarget(537395200) extendedPlatform(0)
Refreshing native plugins compatible for Editor in 0.82 ms, found 1 plugins.
Preloading 0 native plugins for Editor in 0.00 ms.
Unloading 1808 Unused Serialized files (Serialized files now loaded: 0)
System memory in use before: 89.1 MB.
System memory in use after: 89.1 MB.

Unloading 12 unused Assets to reduce memory usage. Loaded Objects now: 2332.
Total: 2.141300 ms (FindLiveObjects: 0.309900 ms CreateObjectMapping: 0.066100 ms MarkObjects: 1.605500 ms  DeleteObjects: 0.158400 ms)

AssetImportParameters requested are different than current active one (requested -> active):
  custom:graphics/normal-map-encoding: 01000000000000000000000000000000 -> 02000000000000000000000000000000
========================================================================
Received Prepare
Registering precompiled user dll's ...
Registered in 0.000788 seconds.
Begin MonoManager ReloadAssembly
Native extension for WindowsStandalone target not found
Native extension for WebGL target not found
Refreshing native plugins compatible for Editor in 0.37 ms, found 1 plugins.
Preloading 0 native plugins for Editor in 0.00 ms.
Mono: successfully reloaded assembly
- Completed reload, in  1.034 seconds
Platform modules already initialized, skipping
Switching build target platform(5) subTarget(0) extendedPlatform(0) -> platform(13) subTarget(537395200) extendedPlatform(0)
Refreshing native plugins compatible for Editor in 0.54 ms, found 1 plugins.
Preloading 0 native plugins for Editor in 0.00 ms.
Unloading 1808 Unused Serialized files (Serialized files now loaded: 0)
System memory in use before: 89.1 MB.
System memory in use after: 89.1 MB.

Unloading 12 unused Assets to reduce memory usage. Loaded Objects now: 2336.
Total: 3.829900 ms (FindLiveObjects: 0.323100 ms CreateObjectMapping: 0.142500 ms MarkObjects: 3.257100 ms  DeleteObjects: 0.105600 ms)

AssetImportParameters requested are different than current active one (requested -> active):
  custom:graphics/normal-map-encoding: 01000000000000000000000000000000 -> 02000000000000000000000000000000
========================================================================
Received Prepare
Registering precompiled user dll's ...
Registered in 0.000759 seconds.
Begin MonoManager ReloadAssembly
Native extension for WindowsStandalone target not found
Native extension for WebGL target not found
Refreshing native plugins compatible for Editor in 0.36 ms, found 1 plugins.
Preloading 0 native plugins for Editor in 0.00 ms.
Mono: successfully reloaded assembly
- Completed reload, in  1.232 seconds
Platform modules already initialized, skipping
Switching build target platform(5) subTarget(0) extendedPlatform(0) -> platform(13) subTarget(537395200) extendedPlatform(0)
Refreshing native plugins compatible for Editor in 1.19 ms, found 1 plugins.
Preloading 0 native plugins for Editor in 0.00 ms.
Unloading 1808 Unused Serialized files (Serialized files now loaded: 0)
System memory in use before: 89.1 MB.
System memory in use after: 89.1 MB.

Unloading 12 unused Assets to reduce memory usage. Loaded Objects now: 2340.
Total: 2.054500 ms (FindLiveObjects: 0.204700 ms CreateObjectMapping: 0.068500 ms MarkObjects: 1.676500 ms  DeleteObjects: 0.103200 ms)

AssetImportParameters requested are different than current active one (requested -> active):
  custom:graphics/normal-map-encoding: 01000000000000000000000000000000 -> 02000000000000000000000000000000
========================================================================
Received Prepare
Registering precompiled user dll's ...
Registered in 0.000793 seconds.
Begin MonoManager ReloadAssembly
Native extension for WindowsStandalone target not found
Native extension for WebGL target not found
Refreshing native plugins compatible for Editor in 0.67 ms, found 1 plugins.
Preloading 0 native plugins for Editor in 0.00 ms.
Mono: successfully reloaded assembly
- Completed reload, in  1.253 seconds
Platform modules already initialized, skipping
Switching build target platform(5) subTarget(0) extendedPlatform(0) -> platform(13) subTarget(537395200) extendedPlatform(0)
Refreshing native plugins compatible for Editor in 0.79 ms, found 1 plugins.
Preloading 0 native plugins for Editor in 0.00 ms.
Unloading 1808 Unused Serialized files (Serialized files now loaded: 0)
System memory in use before: 89.2 MB.
System memory in use after: 89.1 MB.

Unloading 12 unused Assets to reduce memory usage. Loaded Objects now: 2344.
Total: 3.031100 ms (FindLiveObjects: 0.269600 ms CreateObjectMapping: 0.088800 ms MarkObjects: 2.561100 ms  DeleteObjects: 0.110000 ms)

AssetImportParameters requested are different than current active one (requested -> active):
  custom:graphics/normal-map-encoding: 01000000000000000000000000000000 -> 02000000000000000000000000000000
========================================================================
Received Prepare
Registering precompiled user dll's ...
Registered in 0.001565 seconds.
Begin MonoManager ReloadAssembly
Native extension for WindowsStandalone target not found
Native extension for WebGL target not found
Refreshing native plugins compatible for Editor in 0.36 ms, found 1 plugins.
Preloading 0 native plugins for Editor in 0.00 ms.
Mono: successfully reloaded assembly
- Completed reload, in  1.310 seconds
Platform modules already initialized, skipping
Switching build target platform(5) subTarget(0) extendedPlatform(0) -> platform(13) subTarget(537395200) extendedPlatform(0)
Refreshing native plugins compatible for Editor in 0.45 ms, found 1 plugins.
Preloading 0 native plugins for Editor in 0.00 ms.
Unloading 1808 Unused Serialized files (Serialized files now loaded: 0)
System memory in use before: 89.2 MB.
System memory in use after: 89.1 MB.

Unloading 12 unused Assets to reduce memory usage. Loaded Objects now: 2348.
Total: 4.202200 ms (FindLiveObjects: 0.702800 ms CreateObjectMapping: 0.178100 ms MarkObjects: 3.135400 ms  DeleteObjects: 0.183300 ms)

AssetImportParameters requested are different than current active one (requested -> active):
  custom:graphics/normal-map-encoding: 01000000000000000000000000000000 -> 02000000000000000000000000000000
========================================================================
Received Prepare
Registering precompiled user dll's ...
Registered in 0.001302 seconds.
Begin MonoManager ReloadAssembly
Native extension for WindowsStandalone target not found
Native extension for WebGL target not found
Refreshing native plugins compatible for Editor in 0.43 ms, found 1 plugins.
Preloading 0 native plugins for Editor in 0.00 ms.
Mono: successfully reloaded assembly
- Completed reload, in  1.000 seconds
Platform modules already initialized, skipping
Switching build target platform(5) subTarget(0) extendedPlatform(0) -> platform(13) subTarget(537395200) extendedPlatform(0)
Refreshing native plugins compatible for Editor in 0.33 ms, found 1 plugins.
Preloading 0 native plugins for Editor in 0.00 ms.
Unloading 1808 Unused Serialized files (Serialized files now loaded: 0)
System memory in use before: 89.2 MB.
System memory in use after: 89.1 MB.

Unloading 12 unused Assets to reduce memory usage. Loaded Objects now: 2352.
Total: 2.286800 ms (FindLiveObjects: 0.329500 ms CreateObjectMapping: 0.128900 ms MarkObjects: 1.725200 ms  DeleteObjects: 0.101800 ms)

AssetImportParameters requested are different than current active one (requested -> active):
  custom:graphics/normal-map-encoding: 01000000000000000000000000000000 -> 02000000000000000000000000000000
========================================================================
Received Prepare
Registering precompiled user dll's ...
Registered in 0.001043 seconds.
Begin MonoManager ReloadAssembly
Native extension for WindowsStandalone target not found
Native extension for WebGL target not found
Refreshing native plugins compatible for Editor in 0.38 ms, found 1 plugins.
Preloading 0 native plugins for Editor in 0.00 ms.
Mono: successfully reloaded assembly
- Completed reload, in  1.182 seconds
Platform modules already initialized, skipping
Switching build target platform(5) subTarget(0) extendedPlatform(0) -> platform(13) subTarget(537395200) extendedPlatform(0)
Refreshing native plugins compatible for Editor in 0.47 ms, found 1 plugins.
Preloading 0 native plugins for Editor in 0.00 ms.
Unloading 1808 Unused Serialized files (Serialized files now loaded: 0)
System memory in use before: 89.2 MB.
System memory in use after: 89.2 MB.

Unloading 12 unused Assets to reduce memory usage. Loaded Objects now: 2356.
Total: 2.210500 ms (FindLiveObjects: 0.195300 ms CreateObjectMapping: 0.069200 ms MarkObjects: 1.836100 ms  DeleteObjects: 0.108600 ms)

AssetImportParameters requested are different than current active one (requested -> active):
  custom:graphics/normal-map-encoding: 01000000000000000000000000000000 -> 02000000000000000000000000000000
========================================================================
Received Prepare
Registering precompiled user dll's ...
Registered in 0.000719 seconds.
Begin MonoManager ReloadAssembly
Native extension for WindowsStandalone target not found
Native extension for WebGL target not found
Refreshing native plugins compatible for Editor in 0.43 ms, found 1 plugins.
Preloading 0 native plugins for Editor in 0.00 ms.
Mono: successfully reloaded assembly
- Completed reload, in  1.950 seconds
Platform modules already initialized, skipping
Switching build target platform(5) subTarget(0) extendedPlatform(0) -> platform(13) subTarget(537395200) extendedPlatform(0)
Refreshing native plugins compatible for Editor in 0.77 ms, found 1 plugins.
Preloading 0 native plugins for Editor in 0.00 ms.
Unloading 1809 Unused Serialized files (Serialized files now loaded: 0)
System memory in use before: 89.2 MB.
System memory in use after: 89.2 MB.

Unloading 12 unused Assets to reduce memory usage. Loaded Objects now: 2361.
Total: 2.253100 ms (FindLiveObjects: 0.273100 ms CreateObjectMapping: 0.071000 ms MarkObjects: 1.763200 ms  DeleteObjects: 0.144100 ms)

AssetImportParameters requested are different than current active one (requested -> active):
  custom:graphics/normal-map-encoding: 01000000000000000000000000000000 -> 02000000000000000000000000000000
========================================================================
Received Import Request.
  Time since last request: 598.843423 seconds.
  path: Assets/Scripts/GameManager.cs
  artifactKey: Guid(3c008d2cbd74ec646b48c6dfc2542d76) Importer(815301076,1909f56bfc062723c751e8b465ee728b)
Start importing Assets/Scripts/GameManager.cs using Guid(3c008d2cbd74ec646b48c6dfc2542d76) Importer(815301076,1909f56bfc062723c751e8b465ee728b)  -> (artifact id: '049fbfa69e160beca0afeabdde83747a') in 0.008519 seconds
  Import took 0.012969 seconds .

========================================================================
Received Prepare
Registering precompiled user dll's ...
Registered in 0.003343 seconds.
Begin MonoManager ReloadAssembly
Native extension for WindowsStandalone target not found
Native extension for WebGL target not found
Refreshing native plugins compatible for Editor in 0.35 ms, found 1 plugins.
Preloading 0 native plugins for Editor in 0.00 ms.
Mono: successfully reloaded assembly
- Completed reload, in  1.186 seconds
Platform modules already initialized, skipping
Switching build target platform(5) subTarget(0) extendedPlatform(0) -> platform(13) subTarget(537395200) extendedPlatform(0)
Refreshing native plugins compatible for Editor in 0.34 ms, found 1 plugins.
Preloading 0 native plugins for Editor in 0.00 ms.
Unloading 1809 Unused Serialized files (Serialized files now loaded: 0)
System memory in use before: 89.2 MB.
System memory in use after: 89.2 MB.

Unloading 12 unused Assets to reduce memory usage. Loaded Objects now: 2365.
Total: 11.572200 ms (FindLiveObjects: 0.508500 ms CreateObjectMapping: 0.324000 ms MarkObjects: 10.390400 ms  DeleteObjects: 0.344700 ms)

AssetImportParameters requested are different than current active one (requested -> active):
  custom:graphics/normal-map-encoding: 01000000000000000000000000000000 -> 02000000000000000000000000000000
========================================================================
Received Prepare
Registering precompiled user dll's ...
Registered in 0.000757 seconds.
Begin MonoManager ReloadAssembly
Native extension for WindowsStandalone target not found
Native extension for WebGL target not found
Refreshing native plugins compatible for Editor in 0.34 ms, found 1 plugins.
Preloading 0 native plugins for Editor in 0.00 ms.
Mono: successfully reloaded assembly
- Completed reload, in  1.020 seconds
Platform modules already initialized, skipping
Switching build target platform(5) subTarget(0) extendedPlatform(0) -> platform(13) subTarget(537395200) extendedPlatform(0)
Refreshing native plugins compatible for Editor in 0.37 ms, found 1 plugins.
Preloading 0 native plugins for Editor in 0.00 ms.
Unloading 1809 Unused Serialized files (Serialized files now loaded: 0)
System memory in use before: 89.2 MB.
System memory in use after: 89.2 MB.

Unloading 12 unused Assets to reduce memory usage. Loaded Objects now: 2369.
Total: 2.385600 ms (FindLiveObjects: 0.213600 ms CreateObjectMapping: 0.139400 ms MarkObjects: 1.924500 ms  DeleteObjects: 0.107000 ms)

AssetImportParameters requested are different than current active one (requested -> active):
  custom:graphics/normal-map-encoding: 01000000000000000000000000000000 -> 02000000000000000000000000000000
========================================================================
Received Import Request.
  Time since last request: 193.409675 seconds.
  path: Assets/Scripts/GameManager.cs
  artifactKey: Guid(3c008d2cbd74ec646b48c6dfc2542d76) Importer(815301076,1909f56bfc062723c751e8b465ee728b)
Start importing Assets/Scripts/GameManager.cs using Guid(3c008d2cbd74ec646b48c6dfc2542d76) Importer(815301076,1909f56bfc062723c751e8b465ee728b)  -> (artifact id: 'fec1649860b43d21cfafcef6486b1e7c') in 0.004116 seconds
  Import took 0.007059 seconds .

========================================================================
Received Prepare
Registering precompiled user dll's ...
Registered in 0.002280 seconds.
Begin MonoManager ReloadAssembly
Native extension for WindowsStandalone target not found
Native extension for WebGL target not found
Refreshing native plugins compatible for Editor in 0.35 ms, found 1 plugins.
Preloading 0 native plugins for Editor in 0.00 ms.
Mono: successfully reloaded assembly
- Completed reload, in  1.178 seconds
Platform modules already initialized, skipping
Switching build target platform(5) subTarget(0) extendedPlatform(0) -> platform(13) subTarget(537395200) extendedPlatform(0)
Refreshing native plugins compatible for Editor in 0.35 ms, found 1 plugins.
Preloading 0 native plugins for Editor in 0.00 ms.
Unloading 1809 Unused Serialized files (Serialized files now loaded: 0)
System memory in use before: 89.2 MB.
System memory in use after: 89.2 MB.

Unloading 12 unused Assets to reduce memory usage. Loaded Objects now: 2373.
Total: 2.091000 ms (FindLiveObjects: 0.282300 ms CreateObjectMapping: 0.071600 ms MarkObjects: 1.634000 ms  DeleteObjects: 0.102000 ms)

AssetImportParameters requested are different than current active one (requested -> active):
  custom:graphics/normal-map-encoding: 01000000000000000000000000000000 -> 02000000000000000000000000000000
========================================================================
Received Prepare
Registering precompiled user dll's ...
Registered in 0.000905 seconds.
Begin MonoManager ReloadAssembly
Native extension for WindowsStandalone target not found
Native extension for WebGL target not found
Refreshing native plugins compatible for Editor in 1.09 ms, found 1 plugins.
Preloading 0 native plugins for Editor in 0.00 ms.
Mono: successfully reloaded assembly
- Completed reload, in  1.124 seconds
Platform modules already initialized, skipping
Switching build target platform(5) subTarget(0) extendedPlatform(0) -> platform(13) subTarget(537395200) extendedPlatform(0)
Refreshing native plugins compatible for Editor in 0.67 ms, found 1 plugins.
Preloading 0 native plugins for Editor in 0.00 ms.
Unloading 1822 Unused Serialized files (Serialized files now loaded: 0)
System memory in use before: 91.2 MB.
System memory in use after: 90.6 MB.

Unloading 25 unused Assets to reduce memory usage. Loaded Objects now: 2377.
Total: 6.086800 ms (FindLiveObjects: 0.561700 ms CreateObjectMapping: 0.229000 ms MarkObjects: 4.209400 ms  DeleteObjects: 1.083600 ms)

AssetImportParameters requested are different than current active one (requested -> active):
  custom:graphics/normal-map-encoding: 01000000000000000000000000000000 -> 02000000000000000000000000000000
========================================================================
Received Prepare
Registering precompiled user dll's ...
Registered in 0.001071 seconds.
Begin MonoManager ReloadAssembly
Native extension for WindowsStandalone target not found
Native extension for WebGL target not found
Refreshing native plugins compatible for Editor in 0.35 ms, found 1 plugins.
Preloading 0 native plugins for Editor in 0.00 ms.
Mono: successfully reloaded assembly
- Completed reload, in  1.075 seconds
Platform modules already initialized, skipping
Switching build target platform(5) subTarget(0) extendedPlatform(0) -> platform(13) subTarget(537395200) extendedPlatform(0)
Refreshing native plugins compatible for Editor in 0.34 ms, found 1 plugins.
Preloading 0 native plugins for Editor in 0.00 ms.
Unloading 1822 Unused Serialized files (Serialized files now loaded: 0)
System memory in use before: 91.2 MB.
System memory in use after: 90.6 MB.

Unloading 25 unused Assets to reduce memory usage. Loaded Objects now: 2381.
Total: 4.958100 ms (FindLiveObjects: 0.551000 ms CreateObjectMapping: 0.214600 ms MarkObjects: 3.454500 ms  DeleteObjects: 0.735300 ms)

AssetImportParameters requested are different than current active one (requested -> active):
  custom:graphics/normal-map-encoding: 01000000000000000000000000000000 -> 02000000000000000000000000000000
========================================================================
Received Prepare
Registering precompiled user dll's ...
Registered in 0.000871 seconds.
Begin MonoManager ReloadAssembly
Native extension for WindowsStandalone target not found
Native extension for WebGL target not found
Refreshing native plugins compatible for Editor in 0.46 ms, found 1 plugins.
Preloading 0 native plugins for Editor in 0.00 ms.
Mono: successfully reloaded assembly
- Completed reload, in  1.167 seconds
Platform modules already initialized, skipping
Switching build target platform(5) subTarget(0) extendedPlatform(0) -> platform(13) subTarget(537395200) extendedPlatform(0)
Refreshing native plugins compatible for Editor in 0.34 ms, found 1 plugins.
Preloading 0 native plugins for Editor in 0.00 ms.
Unloading 1822 Unused Serialized files (Serialized files now loaded: 0)
System memory in use before: 91.3 MB.
System memory in use after: 90.6 MB.

Unloading 25 unused Assets to reduce memory usage. Loaded Objects now: 2385.
Total: 3.123200 ms (FindLiveObjects: 0.215100 ms CreateObjectMapping: 0.068000 ms MarkObjects: 2.356900 ms  DeleteObjects: 0.481200 ms)

AssetImportParameters requested are different than current active one (requested -> active):
  custom:graphics/normal-map-encoding: 01000000000000000000000000000000 -> 02000000000000000000000000000000
========================================================================
Received Prepare
Registering precompiled user dll's ...
Registered in 0.002316 seconds.
Begin MonoManager ReloadAssembly
Native extension for WindowsStandalone target not found
Native extension for WebGL target not found
Refreshing native plugins compatible for Editor in 0.37 ms, found 1 plugins.
Preloading 0 native plugins for Editor in 0.00 ms.
Mono: successfully reloaded assembly
- Completed reload, in  1.226 seconds
Platform modules already initialized, skipping
Switching build target platform(5) subTarget(0) extendedPlatform(0) -> platform(13) subTarget(537395200) extendedPlatform(0)
Refreshing native plugins compatible for Editor in 0.35 ms, found 1 plugins.
Preloading 0 native plugins for Editor in 0.00 ms.
Unloading 1822 Unused Serialized files (Serialized files now loaded: 0)
System memory in use before: 91.3 MB.
System memory in use after: 90.6 MB.

Unloading 25 unused Assets to reduce memory usage. Loaded Objects now: 2389.
Total: 5.251700 ms (FindLiveObjects: 0.594600 ms CreateObjectMapping: 0.212300 ms MarkObjects: 3.850800 ms  DeleteObjects: 0.587800 ms)

AssetImportParameters requested are different than current active one (requested -> active):
  custom:graphics/normal-map-encoding: 01000000000000000000000000000000 -> 02000000000000000000000000000000
========================================================================
Received Prepare
Registering precompiled user dll's ...
Registered in 0.000819 seconds.
Begin MonoManager ReloadAssembly
Native extension for WindowsStandalone target not found
Native extension for WebGL target not found
Refreshing native plugins compatible for Editor in 0.38 ms, found 1 plugins.
Preloading 0 native plugins for Editor in 0.00 ms.
Mono: successfully reloaded assembly
- Completed reload, in  1.134 seconds
Platform modules already initialized, skipping
Switching build target platform(5) subTarget(0) extendedPlatform(0) -> platform(13) subTarget(537395200) extendedPlatform(0)
Refreshing native plugins compatible for Editor in 0.42 ms, found 1 plugins.
Preloading 0 native plugins for Editor in 0.00 ms.
Unloading 1822 Unused Serialized files (Serialized files now loaded: 0)
System memory in use before: 91.3 MB.
System memory in use after: 90.6 MB.

Unloading 25 unused Assets to reduce memory usage. Loaded Objects now: 2393.
Total: 7.920100 ms (FindLiveObjects: 0.546200 ms CreateObjectMapping: 0.214900 ms MarkObjects: 6.228300 ms  DeleteObjects: 0.927100 ms)

AssetImportParameters requested are different than current active one (requested -> active):
  custom:graphics/normal-map-encoding: 01000000000000000000000000000000 -> 02000000000000000000000000000000
========================================================================
Received Prepare
Refreshing native plugins compatible for Editor in 2.13 ms, found 1 plugins.
Preloading 0 native plugins for Editor in 0.00 ms.
Unloading 23 Unused Serialized files (Serialized files now loaded: 0)
System memory in use before: 55.1 MB.
System memory in use after: 54.4 MB.

Unloading 23 unused Assets to reduce memory usage. Loaded Objects now: 2393.
Total: 4.124500 ms (FindLiveObjects: 0.608300 ms CreateObjectMapping: 0.126100 ms MarkObjects: 2.884100 ms  DeleteObjects: 0.503400 ms)

========================================================================
Received Prepare
Registering precompiled user dll's ...
Registered in 0.000917 seconds.
Begin MonoManager ReloadAssembly
Native extension for WindowsStandalone target not found
Native extension for WebGL target not found
Refreshing native plugins compatible for Editor in 0.36 ms, found 1 plugins.
Preloading 0 native plugins for Editor in 0.00 ms.
Mono: successfully reloaded assembly
- Completed reload, in  0.947 seconds
Platform modules already initialized, skipping
Switching build target platform(5) subTarget(0) extendedPlatform(0) -> platform(13) subTarget(537395200) extendedPlatform(0)
Refreshing native plugins compatible for Editor in 0.53 ms, found 1 plugins.
Preloading 0 native plugins for Editor in 0.00 ms.
Unloading 1822 Unused Serialized files (Serialized files now loaded: 0)
System memory in use before: 91.3 MB.
System memory in use after: 90.6 MB.

Unloading 25 unused Assets to reduce memory usage. Loaded Objects now: 2397.
Total: 3.382100 ms (FindLiveObjects: 0.219000 ms CreateObjectMapping: 0.095300 ms MarkObjects: 2.591800 ms  DeleteObjects: 0.474700 ms)

AssetImportParameters requested are different than current active one (requested -> active):
  custom:graphics/normal-map-encoding: 01000000000000000000000000000000 -> 02000000000000000000000000000000
========================================================================
Received Prepare
Registering precompiled user dll's ...
Registered in 0.001302 seconds.
Begin MonoManager ReloadAssembly
Native extension for WindowsStandalone target not found
Native extension for WebGL target not found
Refreshing native plugins compatible for Editor in 0.46 ms, found 1 plugins.
Preloading 0 native plugins for Editor in 0.00 ms.
Mono: successfully reloaded assembly
- Completed reload, in  1.696 seconds
Platform modules already initialized, skipping
Switching build target platform(5) subTarget(0) extendedPlatform(0) -> platform(13) subTarget(537395200) extendedPlatform(0)
Refreshing native plugins compatible for Editor in 0.72 ms, found 1 plugins.
Preloading 0 native plugins for Editor in 0.00 ms.
Unloading 1822 Unused Serialized files (Serialized files now loaded: 0)
System memory in use before: 91.3 MB.
System memory in use after: 90.6 MB.

Unloading 25 unused Assets to reduce memory usage. Loaded Objects now: 2401.
Total: 5.536900 ms (FindLiveObjects: 0.425300 ms CreateObjectMapping: 0.142800 ms MarkObjects: 4.013700 ms  DeleteObjects: 0.952700 ms)

AssetImportParameters requested are different than current active one (requested -> active):
  custom:graphics/normal-map-encoding: 01000000000000000000000000000000 -> 02000000000000000000000000000000
AssetImportWorkerClient::OnTransportError - code=2 error=End of file
